11:56:32.035
http://qacivetinterface.foxconn.com/Open/get_user_info_bycode?appid=72weojkeRm09AG1umrN4vA2&code=7cfbcMZZv2KY4WTYPAP8DI8hQn8GwqKhwBiuqe8L2OsHODhE1&NSDK_1.170823
GET

执行结果：{"openid":"ZjMyMzIwNDF8YWUzMzI1","is_subscriber":0,"from_pc":1,"civetno":"f3232041","realname":"邱喜威","sex":"男","nickname":"不會游泳的魚","area":"贝宁","sign":"这只是个开始","icon":"http://qaicivetmedia.foxconn.com/group2/M01/00/6B/CoZiPVX70X-EXooLAAAAAA0471M39.jpeg","serviceno":"Civet_UserAPIMg","support_civet_no":null,"hrtype":"","unit":"富士康科技集团","bg":"總部周邊","bu":"工管資訊","grade":"","grade_depart":"","access_token":"gHXeDB7MkhkLVwSPvHLxcQ%3d%3d","expires_in":3599}
=============================================
11:56:40.979
http://qacivetinterface.foxconn.com/Open/get_user_info_bycode?appid=72weojkeRm09AG1umrN4vA2&code=8385f9PoEYUO6eHZurUMSjybxVCMEQ3H_5ju7eCwmgRMXlLE1&NSDK_1.170823
GET

执行结果：{"openid":"ZjMyMzIwNDF8YWUzMzI1","is_subscriber":0,"from_pc":1,"civetno":"f3232041","realname":"邱喜威","sex":"男","nickname":"不會游泳的魚","area":"贝宁","sign":"这只是个开始","icon":"http://qaicivetmedia.foxconn.com/group2/M01/00/6B/CoZiPVX70X-EXooLAAAAAA0471M39.jpeg","serviceno":"Civet_UserAPIMg","support_civet_no":null,"hrtype":"","unit":"富士康科技集团","bg":"總部周邊","bu":"工管資訊","grade":"","grade_depart":"","access_token":"gHXeDB7MkhkQn3f93VjebQ%3d%3d","expires_in":3599}
=============================================
11:57:27.254
http://qacivetinterface.foxconn.com/Open/get_user_info_bycode?appid=72weojkeRm09AG1umrN4vA2&code=ad9fbC-jBKYCRKYcDnYDpD52ZklJ8GCylbWLl0DNOi01NqEY1&NSDK_1.170823
GET

执行结果：{"openid":"ZjMyMzIwNDF8YWUzMzI1","is_subscriber":0,"from_pc":1,"civetno":"f3232041","realname":"邱喜威","sex":"男","nickname":"不會游泳的魚","area":"贝宁","sign":"这只是个开始","icon":"http://qaicivetmedia.foxconn.com/group2/M01/00/6B/CoZiPVX70X-EXooLAAAAAA0471M39.jpeg","serviceno":"Civet_UserAPIMg","support_civet_no":null,"hrtype":"","unit":"富士康科技集团","bg":"總部周邊","bu":"工管資訊","grade":"","grade_depart":"","access_token":"gHXeDB7Mkhk6L9Dk1ZS%2bqg%3d%3d","expires_in":3599}
=============================================
15:07:27.590
http://qacivetinterface.foxconn.com/Open/get_user_info_bycode?appid=72weojkeRm09AG1umrN4vA2&code=f960494V_C2Iyvhz15SUbN3P6u1aZiAv08Y09DvtjHveDa-c1&NSDK_1.170823
GET

执行结果：{"openid":"ZjMyMzIwNDF8YWUzMzI1","is_subscriber":0,"from_pc":1,"civetno":"f3232041","realname":"邱喜威","sex":"男","nickname":"不會游泳的魚","area":"贝宁","sign":"这只是个开始","icon":"http://qaicivetmedia.foxconn.com/group2/M01/00/6B/CoZiPVX70X-EXooLAAAAAA0471M39.jpeg","serviceno":"Civet_UserAPIMg","support_civet_no":null,"hrtype":"","unit":"富士康科技集团","bg":"總部周邊","bu":"工管資訊","grade":"","grade_depart":"","access_token":"TiJg%2fhZRNB4gjp%2fNOb6e%2fQ%3d%3d","expires_in":3599}
=============================================
15:08:16.935
http://qacivetinterface.foxconn.com/Open/get_user_info_bycode?appid=72weojkeRm09AG1umrN4vA2&code=97b7bCRH_Xh9gBg7b5MyHaPiAOZCxx5PCidaRFlydTGO2Ztk1&NSDK_1.170823
GET

执行结果：{"openid":"ZjMyMzIwNDF8YWUzMzI1","is_subscriber":0,"from_pc":1,"civetno":"f3232041","realname":"邱喜威","sex":"男","nickname":"不會游泳的魚","area":"贝宁","sign":"这只是个开始","icon":"http://qaicivetmedia.foxconn.com/group2/M01/00/6B/CoZiPVX70X-EXooLAAAAAA0471M39.jpeg","serviceno":"Civet_UserAPIMg","support_civet_no":null,"hrtype":"","unit":"富士康科技集团","bg":"總部周邊","bu":"工管資訊","grade":"","grade_depart":"","access_token":"TiJg%2fhZRNB6eEcIAbjHNLw%3d%3d","expires_in":3599}
=============================================
15:08:34.300
http://qacivetinterface.foxconn.com/Open/get_user_info_bycode?appid=72weojkeRm09AG1umrN4vA2&code=3a3ff-qBAo7Vq-um251WTZ5BRbT3XI3QAR_hhY_TrfmBqMlM1&NSDK_1.170823
GET

执行结果：{"openid":"ZjMyMzIwNDF8YWUzMzI1","is_subscriber":0,"from_pc":1,"civetno":"f3232041","realname":"邱喜威","sex":"男","nickname":"不會游泳的魚","area":"贝宁","sign":"这只是个开始","icon":"http://qaicivetmedia.foxconn.com/group2/M01/00/6B/CoZiPVX70X-EXooLAAAAAA0471M39.jpeg","serviceno":"Civet_UserAPIMg","support_civet_no":null,"hrtype":"","unit":"富士康科技集团","bg":"總部周邊","bu":"工管資訊","grade":"","grade_depart":"","access_token":"TiJg%2fhZRNB7NY8bpaaPFnA%3d%3d","expires_in":3599}
=============================================
