11:46:19.799
http://qacivetinterface.foxconn.com/Open/get_user_info_bycode?appid=pom4V9GlU-L8Gkv53qqtmA2&code=&NSDK_1.1.0
GET

执行结果：false
=============================================
11:55:08.823
http://qacivetinterface.foxconn.com/Open/get_user_info_bycode?appid=pom4V9GlU-L8Gkv53qqtmA2&code=5a2c48ZZ3IomfCZQdMuOa9l1ONSS5jPT_cObg_zOSiEF6PRg1&NSDK_1.1.0
GET

执行结果：{"openid":"ZjMyMTg0NjZ8NmU0OTc1","is_subscriber":1,"from_pc":1,"civetno":"F3218466","realname":"刘晓飞","sex":"男","nickname":"刘晓飞","area":"广东深圳","sign":"这再惰也会留下个性签名的。","icon":"http://qacivetinterface.foxconn.com/Open/userIcon/F3218466","serviceno":"ReleaseList","support_civet_no":null,"hrtype":"","unit":"","bg":"PDSS","bu":""}
=============================================
11:56:33.249
http://qacivetinterface.foxconn.com/Open/get_user_info_bycode?appid=pom4V9GlU-L8Gkv53qqtmA2&code=51ad5YVrl_MGD0oZxc9Uujl5R_VhUosmnpKgo_swRFrl8RJ41&NSDK_1.1.0
GET

执行结果：{"openid":"ZjMyMTg0NjZ8NmU0OTc1","is_subscriber":1,"from_pc":1,"civetno":"F3218466","realname":"刘晓飞","sex":"男","nickname":"刘晓飞","area":"广东深圳","sign":"这再惰也会留下个性签名的。","icon":"http://qacivetinterface.foxconn.com/Open/userIcon/F3218466","serviceno":"ReleaseList","support_civet_no":null,"hrtype":"","unit":"","bg":"PDSS","bu":""}
=============================================
13:57:46.647
http://qacivetinterface.foxconn.com/Open/get_user_info_bycode?appid=pom4V9GlU-L8Gkv53qqtmA2&code=c216dyepsefjxUGuEF9wfa7NePr6oPfUnM5Y6e0okhE3prhM1&NSDK_1.1.0
GET

执行结果：{"openid":"ZjMyMTg0NjZ8NmU0OTc1","is_subscriber":1,"from_pc":1,"civetno":"F3218466","realname":"刘晓飞","sex":"男","nickname":"刘晓飞","area":"广东深圳","sign":"这再惰也会留下个性签名的。","icon":"http://qacivetinterface.foxconn.com/Open/userIcon/F3218466","serviceno":"ReleaseList","support_civet_no":null,"hrtype":"","unit":"","bg":"PDSS","bu":""}
=============================================
14:16:53.084
http://qacivetinterface.foxconn.com/Open/get_user_info_bycode?appid=pom4V9GlU-L8Gkv53qqtmA2&code=537ecCVJCYkZflxbYsAaqeXblqWfYoNRQ_sr9uqHLuiKH02o1&NSDK_1.1.0
GET

执行结果：{"openid":"ZjMyMTg0NjZ8NmU0OTc1","is_subscriber":1,"from_pc":1,"civetno":"F3218466","realname":"刘晓飞","sex":"男","nickname":"刘晓飞","area":"广东深圳","sign":"这再惰也会留下个性签名的。","icon":"http://qacivetinterface.foxconn.com/Open/userIcon/F3218466","serviceno":"ReleaseList","support_civet_no":null,"hrtype":"","unit":"","bg":"PDSS","bu":""}
=============================================
14:29:31.096
http://qacivetinterface.foxconn.com/Open/get_user_info_bycode?appid=pom4V9GlU-L8Gkv53qqtmA2&code=a6472QG5THLofZR5c-ZN9mjvAFDsN2LVAC8SeK2buEauw_qI1&NSDK_1.1.0
GET

执行结果：{"openid":"ZjMyMTg0NjZ8NmU0OTc1","is_subscriber":1,"from_pc":1,"civetno":"F3218466","realname":"刘晓飞","sex":"男","nickname":"刘晓飞","area":"广东深圳","sign":"这再惰也会留下个性签名的。","icon":"http://qacivetinterface.foxconn.com/Open/userIcon/F3218466","serviceno":"ReleaseList","support_civet_no":null,"hrtype":"","unit":"","bg":"PDSS","bu":""}
=============================================
14:35:52.329
http://qacivetinterface.foxconn.com/Open/get_user_info_bycode?appid=pom4V9GlU-L8Gkv53qqtmA2&code=e5b21ikilCqfXZab79parTsfRPiovK72ijVK9b8HnJ4VURJs1&NSDK_1.1.0
GET

执行结果：{"openid":"ZjMyMTg0NjZ8NmU0OTc1","is_subscriber":1,"from_pc":1,"civetno":"F3218466","realname":"刘晓飞","sex":"男","nickname":"刘晓飞","area":"广东深圳","sign":"这再惰也会留下个性签名的。","icon":"http://qacivetinterface.foxconn.com/Open/userIcon/F3218466","serviceno":"ReleaseList","support_civet_no":null,"hrtype":"","unit":"","bg":"PDSS","bu":""}
=============================================
14:44:50.377
http://qacivetinterface.foxconn.com/Open/get_user_info_bycode?appid=pom4V9GlU-L8Gkv53qqtmA2&code=7dfac-JeNHeWNFnoU_mbaf0REA-zxRNvwh8pVcYrK5hFYYLg1&NSDK_1.1.0
GET

执行结果：{"openid":"ZjMyMTg0NjZ8NmU0OTc1","is_subscriber":1,"from_pc":1,"civetno":"F3218466","realname":"刘晓飞","sex":"男","nickname":"刘晓飞","area":"广东深圳","sign":"这再惰也会留下个性签名的。","icon":"http://qacivetinterface.foxconn.com/Open/userIcon/F3218466","serviceno":"ReleaseList","support_civet_no":null,"hrtype":"","unit":"","bg":"PDSS","bu":""}
=============================================
16:23:12.777
http://qacivetinterface.foxconn.com/Open/get_user_info_bycode?appid=pom4V9GlU-L8Gkv53qqtmA2&code=eb8e14yqKa4MPteeLFlwO7uc-Y1GD6L_gQZ4uMY_q5wE_wPg1&NSDK_1.1.0
GET

执行结果：{"openid":"ZjMyMTg0NjZ8NmU0OTc1","is_subscriber":1,"from_pc":1,"civetno":"F3218466","realname":"刘晓飞","sex":"男","nickname":"刘晓飞","area":"广东深圳","sign":"这再惰也会留下个性签名的。","icon":"http://qacivetinterface.foxconn.com/Open/userIcon/F3218466","serviceno":"ReleaseList","support_civet_no":null,"hrtype":"","unit":"","bg":"PDSS","bu":""}
=============================================
16:25:07.798
http://qacivetinterface.foxconn.com/Open/get_user_info_bycode?appid=pom4V9GlU-L8Gkv53qqtmA2&code=697d8TXYEdEB2rYJHOp0tag1VD4tFGktFtnI8vu_98-V60-U1&NSDK_1.1.0
GET

执行结果：{"openid":"ZjMyMTg0NjZ8NmU0OTc1","is_subscriber":1,"from_pc":1,"civetno":"F3218466","realname":"刘晓飞","sex":"男","nickname":"刘晓飞","area":"广东深圳","sign":"这再惰也会留下个性签名的。","icon":"http://qacivetinterface.foxconn.com/Open/userIcon/F3218466","serviceno":"ReleaseList","support_civet_no":null,"hrtype":"","unit":"","bg":"PDSS","bu":""}
=============================================
16:29:27.000
http://qacivetinterface.foxconn.com/Open/get_user_info_bycode?appid=pom4V9GlU-L8Gkv53qqtmA2&code=&NSDK_1.1.0
GET

执行结果：false
=============================================
