08:44:52.585
http://qacivetinterface.foxconn.com/Open/get_user_info_bycode?appid=72weojkeRm09AG1umrN4vA2&code=612a5avbLRbQk3IsylmV_E4jlzUcIKuGXEhccN1PFHzNI-001&NSDK_1.17054
GET

执行结果：{"openid":"ZjMyMzIwNDF8YWUzMzI1","is_subscriber":0,"from_pc":1,"civetno":"F3232041","realname":"邱喜威","sex":"男","nickname":"伊泽瑞","area":"贝宁","sign":"这只是个开始","icon":"http://qacivetinterface.foxconn.com/Open/userIcon/F3232041","serviceno":"Civet_UserAPIMg","support_civet_no":null,"hrtype":"","unit":"","bg":"软件研发","bu":"","access_token":"f3XNLLZ0RUFoXMtS%2fd%2fxvQ%3d%3d","expires_in":3599}
=============================================
09:59:45.993
http://qacivetinterface.foxconn.com/Open/get_user_info_bycode?appid=72weojkeRm09AG1umrN4vA2&code=e9858zpj2ljIuNlN_UStao1f5v0g8QMX2T8FBMajWWeDnAPo1&NSDK_1.17054
GET

执行结果：{"openid":"ZjMyMzIwNDF8YWUzMzI1","is_subscriber":0,"from_pc":1,"civetno":"F3232041","realname":"邱喜威","sex":"男","nickname":"伊泽瑞","area":"贝宁","sign":"这只是个开始","icon":"http://qacivetinterface.foxconn.com/Open/userIcon/F3232041","serviceno":"Civet_UserAPIMg","support_civet_no":null,"hrtype":"","unit":"","bg":"软件研发","bu":"","access_token":"4r80Qd1sIHUHspCiMatnGA%3d%3d","expires_in":3599}
=============================================
10:26:21.951
http://qacivetinterface.foxconn.com/Open/get_user_info_bycode?appid=72weojkeRm09AG1umrN4vA2&code=a8901pjOMgEbTQOagG5l50O6TSv23LifqoLUHr3QQh4ob_o41&NSDK_1.17054
GET

执行结果：{"openid":"ZjMyMzIwNDF8YWUzMzI1","is_subscriber":0,"from_pc":1,"civetno":"F3232041","realname":"邱喜威","sex":"男","nickname":"伊泽瑞","area":"贝宁","sign":"这只是个开始","icon":"http://qacivetinterface.foxconn.com/Open/userIcon/F3232041","serviceno":"Civet_UserAPIMg","support_civet_no":null,"hrtype":"","unit":"","bg":"软件研发","bu":"","access_token":"ngxByhbEaARG5rWpdD2uZA%3d%3d","expires_in":3599}
=============================================
16:26:49.574
http://qacivetinterface.foxconn.com/Open/get_user_info_bycode?appid=72weojkeRm09AG1umrN4vA2&code=90e8088elR33Tc3BWhSOFlSu_KQqLcI0d52rCiGtOaEVuwjY1&NSDK_1.17054
GET

执行结果：{"openid":"ZjMyMzIwNDF8YWUzMzI1","is_subscriber":0,"from_pc":1,"civetno":"F3232041","realname":"邱喜威","sex":"男","nickname":"伊泽瑞","area":"贝宁","sign":"这只是个开始","icon":"http://qacivetinterface.foxconn.com/Open/userIcon/F3232041","serviceno":"Civet_UserAPIMg","support_civet_no":null,"hrtype":"","unit":"","bg":"软件研发","bu":"","access_token":"quRt%2f2GmCqDPnHeIhFHUiQ%3d%3d","expires_in":3599}
=============================================
17:12:19.469
http://qacivetinterface.foxconn.com/Open/get_user_info_bycode?appid=72weojkeRm09AG1umrN4vA2&code=67abbM9CaLe2cgTeqDjMq031M622IFzlzCykLKTWMQwirhNw1&NSDK_1.17054
GET

执行结果：{"openid":"ZjMyMzIwNDF8YWUzMzI1","is_subscriber":0,"from_pc":1,"civetno":"F3232041","realname":"邱喜威","sex":"男","nickname":"伊泽瑞","area":"贝宁","sign":"这只是个开始","icon":"http://qacivetinterface.foxconn.com/Open/userIcon/F3232041","serviceno":"Civet_UserAPIMg","support_civet_no":null,"hrtype":"","unit":"","bg":"软件研发","bu":"","access_token":"Xw2Njvkuq%2fnXvya6KDFAgQ%3d%3d","expires_in":3599}
=============================================
