08:29:39.494
http://localhost:25944/Open/get_user_info_bycode?appid=72weojkeRm09AG1umrN4vA2&code=2919bZoZ6B1JysE6zC2if_RF-dnRgc1KLQxSbGj0LD1i41co1&NSDK_1.1.0
GET

执行结果：{"openid":"ZjMyMzIwNDF8YWUzMzI1","is_subscriber":0,"from_pc":1,"civetno":"F3232041","realname":"邱喜威","sex":"男","nickname":"伊泽瑞","area":"贝宁","sign":"这只是个开始","icon":"http://localhost:25944/Open/userIcon/F3232041","serviceno":"Civet_UserAPIMg","support_civet_no":null,"hrtype":"","unit":"","bg":"软件研发","bu":"","access_token":"hFLrkOufm4hEzfkt1%2bD%2bxw%3d%3d","expires_in":3599}
=============================================
09:52:39.535
http://localhost:25944/Open/get_user_info_bycode?appid=72weojkeRm09AG1umrN4vA2&code=dfcf9KI7KmwL-vYlNasJj_h89_gHfzbNRS4IYjsd8ODpM0sI1&NSDK_1.1.0
GET

执行结果：{"openid":"ZjMyMzIwNDF8YWUzMzI1","is_subscriber":0,"from_pc":1,"civetno":"F3232041","realname":"邱喜威","sex":"男","nickname":"伊泽瑞","area":"贝宁","sign":"这只是个开始","icon":"http://localhost:25944/Open/userIcon/F3232041","serviceno":"Civet_UserAPIMg","support_civet_no":null,"hrtype":"","unit":"","bg":"软件研发","bu":"","access_token":"zedX3veGqyGpaNhn02PCjg%3d%3d","expires_in":3599}
=============================================
15:04:01.260
http://localhost:25944/Open/get_user_info_bycode?appid=72weojkeRm09AG1umrN4vA2&code=71a90nXcI15C7E4DN0llVQuWtuO30m1YUVxUKroHOJnCO9DU1&NSDK_1.1.0
GET

执行结果：{"openid":"ZjMyMzQxMTl8YmRmOTk1","is_subscriber":0,"from_pc":1,"civetno":"f3234119","realname":"f3234119","sex":"女","nickname":"f3234119","area":"~广东深圳~","sign":"没有签名信息","icon":"http://localhost:25944/Open/userIcon/f3234119","serviceno":"Civet_UserAPIMg","support_civet_no":null,"hrtype":null,"unit":null,"bg":null,"bu":null,"access_token":"NEPCJuK%2f1sUHRJhqINvqmw%3d%3d","expires_in":3599}
=============================================
15:51:05.116
http://localhost:25944/Open/get_user_info_bycode?appid=72weojkeRm09AG1umrN4vA2&code=3f3d8BBotc0mmrkDagBO-QQTaW0ca2cip_NmDctXdBz4ERpY1&NSDK_1.1.0
GET

执行结果：{"openid":"ZjMyMzIwNDF8YWUzMzI1","is_subscriber":0,"from_pc":1,"civetno":"F3232041","realname":"邱喜威","sex":"男","nickname":"伊泽瑞","area":"贝宁","sign":"这只是个开始","icon":"http://localhost:25944/Open/userIcon/F3232041","serviceno":"Civet_UserAPIMg","support_civet_no":null,"hrtype":"","unit":"","bg":"软件研发","bu":"","access_token":"IUPNtVj5vnIYd7GWm6i4AQ%3d%3d","expires_in":3599}
=============================================
15:53:41.242
http://localhost:25944/Open/get_user_info_bycode?appid=72weojkeRm09AG1umrN4vA2&code=cdc10aeBUVgnpiCqsTCP9DECnSdKCKc4clx83rs_8HgUaS-01&NSDK_1.1.0
GET

执行结果：{"openid":"ZjMyMzIwNDF8YWUzMzI1","is_subscriber":0,"from_pc":1,"civetno":"F3232041","realname":"邱喜威","sex":"男","nickname":"伊泽瑞","area":"贝宁","sign":"这只是个开始","icon":"http://localhost:25944/Open/userIcon/F3232041","serviceno":"Civet_UserAPIMg","support_civet_no":null,"hrtype":"","unit":"","bg":"软件研发","bu":"","access_token":"IUPNtVj5vnI%2fnlQagFUeqQ%3d%3d","expires_in":3599}
=============================================
15:54:51.945
http://localhost:25944/Open/get_user_info_bycode?appid=72weojkeRm09AG1umrN4vA2&code=59dfeaFXQ2UjcVlzhB_2adnZbJv1NduwzJU4iP2m2Mv1qXNU1&NSDK_1.1.0
GET

执行结果：{"openid":"ZjMyMzIwNDF8YWUzMzI1","is_subscriber":0,"from_pc":1,"civetno":"F3232041","realname":"邱喜威","sex":"男","nickname":"伊泽瑞","area":"贝宁","sign":"这只是个开始","icon":"http://localhost:25944/Open/userIcon/F3232041","serviceno":"Civet_UserAPIMg","support_civet_no":null,"hrtype":"","unit":"","bg":"软件研发","bu":"","access_token":"IUPNtVj5vnIQoVguW5GYNQ%3d%3d","expires_in":3599}
=============================================
16:12:31.902
http://localhost:25944/Open/get_user_info_bycode?appid=72weojkeRm09AG1umrN4vA2&code=519446ZtXLmegYfGz7loLKxWjxmsSjsoX0LjUldVg-KgFgwg1&NSDK_1.1.0
GET

执行结果：{"openid":"ZjMyMzIwNDF8YWUzMzI1","is_subscriber":0,"from_pc":1,"civetno":"F3232041","realname":"邱喜威","sex":"男","nickname":"伊泽瑞","area":"贝宁","sign":"这只是个开始","icon":"http://localhost:25944/Open/userIcon/F3232041","serviceno":"Civet_UserAPIMg","support_civet_no":null,"hrtype":"","unit":"","bg":"软件研发","bu":"","access_token":"Kp%2bBEkTypulEJ6XCNi7cmQ%3d%3d","expires_in":3599}
=============================================
16:13:48.875
http://localhost:25944/Open/get_user_info_bycode?appid=72weojkeRm09AG1umrN4vA2&code=ac541FILaMyOgVH0ZnT6q-heEAz7N_36I3hl8LINkDUtJmDo1&NSDK_1.1.0
GET

执行结果：{"openid":"ZjMyMzIwNDF8YWUzMzI1","is_subscriber":0,"from_pc":1,"civetno":"F3232041","realname":"邱喜威","sex":"男","nickname":"伊泽瑞","area":"贝宁","sign":"这只是个开始","icon":"http://localhost:25944/Open/userIcon/F3232041","serviceno":"Civet_UserAPIMg","support_civet_no":null,"hrtype":"","unit":"","bg":"软件研发","bu":"","access_token":"Kp%2bBEkTypulIhY30mIWAbg%3d%3d","expires_in":3599}
=============================================
16:20:32.738
http://localhost:25944/Open/get_user_info_bycode?appid=72weojkeRm09AG1umrN4vA2&code=587101KE7IXPhq8ppQ-HOGH9IxbQbdyJXkX9tbmd2s8QWqjg1&NSDK_1.1.0
GET

执行结果：{"openid":"ZjMyMzIwNDF8YWUzMzI1","is_subscriber":0,"from_pc":1,"civetno":"F3232041","realname":"邱喜威","sex":"男","nickname":"伊泽瑞","area":"贝宁","sign":"这只是个开始","icon":"http://localhost:25944/Open/userIcon/F3232041","serviceno":"Civet_UserAPIMg","support_civet_no":null,"hrtype":"","unit":"","bg":"软件研发","bu":"","access_token":"ikIFdht3PzxjZ3hS3F5Ntw%3d%3d","expires_in":3599}
=============================================
16:31:45.108
http://localhost:25944/Open/get_user_info_bycode?appid=72weojkeRm09AG1umrN4vA2&code=ebee6BGKREvL5gF1N6z8T5-KQYWVz0r9jFL-vfckePa9GsRc1&NSDK_1.1.0
GET

执行结果：{"openid":"ZjMyMzQxMTl8YmRmOTk1","is_subscriber":0,"from_pc":1,"civetno":"f3234119","realname":"f3234119","sex":"女","nickname":"f3234119","area":"~广东深圳~","sign":"没有签名信息","icon":"http://localhost:25944/Open/userIcon/f3234119","serviceno":"Civet_UserAPIMg","support_civet_no":null,"hrtype":null,"unit":null,"bg":null,"bu":null,"access_token":"ikIFdht3Pzy24Pt6pG%2bUyQ%3d%3d","expires_in":3599}
=============================================
16:35:36.202
http://localhost:25944/Open/get_user_info_bycode?appid=72weojkeRm09AG1umrN4vA2&code=2e748T38KCXxsRHybQQ0a25Wh2rMC1nlX6bATrmpXya3bN-41&NSDK_1.1.0
GET

执行结果：{"openid":"ZjMyMzIwNDF8YWUzMzI1","is_subscriber":0,"from_pc":1,"civetno":"F3232041","realname":"邱喜威","sex":"男","nickname":"伊泽瑞","area":"贝宁","sign":"这只是个开始","icon":"http://localhost:25944/Open/userIcon/F3232041","serviceno":"Civet_UserAPIMg","support_civet_no":null,"hrtype":"","unit":"","bg":"软件研发","bu":"","access_token":"wNvuD%2f%2ftSE42Tx41QcAkxw%3d%3d","expires_in":3599}
=============================================
16:37:43.866
http://localhost:25944/Open/get_user_info_bycode?appid=72weojkeRm09AG1umrN4vA2&code=b5cf08xJQcMLGJJX22ER1jiGLMjht0-oFncv2Cjj0xC2xbfk1&NSDK_1.1.0
GET

执行结果：{"openid":"ZjMyMzIwNDF8YWUzMzI1","is_subscriber":0,"from_pc":1,"civetno":"F3232041","realname":"邱喜威","sex":"男","nickname":"伊泽瑞","area":"贝宁","sign":"这只是个开始","icon":"http://localhost:25944/Open/userIcon/F3232041","serviceno":"Civet_UserAPIMg","support_civet_no":null,"hrtype":"","unit":"","bg":"软件研发","bu":"","access_token":"wNvuD%2f%2ftSE7ie1BjB8hBgw%3d%3d","expires_in":3599}
=============================================
16:40:22.619
http://localhost:25944/Open/get_user_info_bycode?appid=72weojkeRm09AG1umrN4vA2&code=d0e75UzousobeHPYfXN_X-LILp13c-OCkaKWf_lEPGYSGItA1&NSDK_1.1.0
GET

执行结果：{"openid":"ZjMyMzIwNDF8YWUzMzI1","is_subscriber":0,"from_pc":1,"civetno":"F3232041","realname":"邱喜威","sex":"男","nickname":"伊泽瑞","area":"贝宁","sign":"这只是个开始","icon":"http://localhost:25944/Open/userIcon/F3232041","serviceno":"Civet_UserAPIMg","support_civet_no":null,"hrtype":"","unit":"","bg":"软件研发","bu":"","access_token":"wNvuD%2f%2ftSE76jSJwfA4E5w%3d%3d","expires_in":3599}
=============================================
16:45:57.586
http://localhost:25944/Open/get_user_info_bycode?appid=72weojkeRm09AG1umrN4vA2&code=87c48m9SKMgG-3t6mnvinrOnIgv3Vkz-gQ2vx1kA_8UNcsdI1&NSDK_1.1.0
GET

执行结果：{"openid":"ZjMyMzIwNDF8YWUzMzI1","is_subscriber":0,"from_pc":1,"civetno":"F3232041","realname":"邱喜威","sex":"男","nickname":"伊泽瑞","area":"贝宁","sign":"这只是个开始","icon":"http://localhost:25944/Open/userIcon/F3232041","serviceno":"Civet_UserAPIMg","support_civet_no":null,"hrtype":"","unit":"","bg":"软件研发","bu":"","access_token":"wNvuD%2f%2ftSE57n8AKHw4nlA%3d%3d","expires_in":3599}
=============================================
16:47:06.048
http://localhost:25944/Open/get_user_info_bycode?appid=72weojkeRm09AG1umrN4vA2&code=273devFgx-EjbB1U6Rb_vrAMOQvXVq_AaEKfRYYSvD0lC_kw1&NSDK_1.1.0
GET

执行结果：{"openid":"ZjMyMzIwNDF8YWUzMzI1","is_subscriber":0,"from_pc":1,"civetno":"F3232041","realname":"邱喜威","sex":"男","nickname":"伊泽瑞","area":"贝宁","sign":"这只是个开始","icon":"http://localhost:25944/Open/userIcon/F3232041","serviceno":"Civet_UserAPIMg","support_civet_no":null,"hrtype":"","unit":"","bg":"软件研发","bu":"","access_token":"wNvuD%2f%2ftSE5dY2%2fodT7GJQ%3d%3d","expires_in":3599}
=============================================
16:54:42.092
http://localhost:25944/Open/get_user_info_bycode?appid=72weojkeRm09AG1umrN4vA2&code=805f2BfjEwPwI_wUxGo2THzYpKIPB0rZVI3MD4F0pxpw4vwU1&NSDK_1.1.0
GET

执行结果：{"openid":"ZjMyMzIwNDF8YWUzMzI1","is_subscriber":0,"from_pc":1,"civetno":"F3232041","realname":"邱喜威","sex":"男","nickname":"伊泽瑞","area":"贝宁","sign":"这只是个开始","icon":"http://localhost:25944/Open/userIcon/F3232041","serviceno":"Civet_UserAPIMg","support_civet_no":null,"hrtype":"","unit":"","bg":"软件研发","bu":"","access_token":"%2bJbbbtOVL4KdhnEIEk%2fByA%3d%3d","expires_in":3599}
=============================================
17:13:39.657
http://localhost:25944/Open/get_user_info_bycode?appid=72weojkeRm09AG1umrN4vA2&code=23c45WFvdir-CGqMf8FH8cAT-MTTY_e8xaJXbEpSzi3v6gcg1&NSDK_1.1.0
GET

执行结果：{"openid":"ZjMyMzIwNDF8YWUzMzI1","is_subscriber":0,"from_pc":1,"civetno":"F3232041","realname":"邱喜威","sex":"男","nickname":"伊泽瑞","area":"贝宁","sign":"这只是个开始","icon":"http://localhost:25944/Open/userIcon/F3232041","serviceno":"Civet_UserAPIMg","support_civet_no":null,"hrtype":"","unit":"","bg":"软件研发","bu":"","access_token":"mVa9MRi3R1%2fv6PxuRjIAQA%3d%3d","expires_in":3599}
=============================================
17:19:11.260
http://localhost:25944/Open/get_user_info_bycode?appid=72weojkeRm09AG1umrN4vA2&code=0b8f0YRGvtM6ZBSa4XqnJgvXL6lLDWE85Tu_-yZM8phWr6TA1&NSDK_1.1.0
GET

执行结果：{"openid":"ZjMyMzIwNDF8YWUzMzI1","is_subscriber":0,"from_pc":1,"civetno":"F3232041","realname":"邱喜威","sex":"男","nickname":"伊泽瑞","area":"贝宁","sign":"这只是个开始","icon":"http://localhost:25944/Open/userIcon/F3232041","serviceno":"Civet_UserAPIMg","support_civet_no":null,"hrtype":"","unit":"","bg":"软件研发","bu":"","access_token":"mVa9MRi3R19iffL1lKopZw%3d%3d","expires_in":3599}
=============================================
