09:49:56.896
http://qacivetinterface.foxconn.com/Open/get_user_info_bycode?appid=72weojkeRm09AG1umrN4vA2&code=88c14vJYHr3RJkdNergSP3Pr_qU0csl9jj_p2luXrzeRGGYw1&NSDK_1.1.0
GET

执行结果：{"openid":"ZjMyMTg0NjZ8ZWNjZTg1","is_subscriber":0,"from_pc":1,"civetno":"F3218466","realname":"刘晓飞","sex":"男","nickname":"刘晓飞","area":"广东深圳","sign":"这再惰也会留下个性签名的。","icon":"http://qacivetinterface.foxconn.com/Open/userIcon/F3218466","serviceno":"Civet_UserAPIMg","support_civet_no":null,"hrtype":"","unit":"","bg":"PDSS","bu":""}
=============================================
10:10:50.522
http://qacivetinterface.foxconn.com/Open/get_user_info_bycode?appid=72weojkeRm09AG1umrN4vA2&code=40722FrM4xGC_1y6rcJFyuQ4goQJigBQRimJj8-1nuJGSE-s1&NSDK_1.1.0
GET

执行结果：{"openid":"ZjMyMTg0NjZ8ZWNjZTg1","is_subscriber":0,"from_pc":1,"civetno":"F3218466","realname":"刘晓飞","sex":"男","nickname":"刘晓飞","area":"广东深圳","sign":"这再惰也会留下个性签名的。","icon":"http://qacivetinterface.foxconn.com/Open/userIcon/F3218466","serviceno":"Civet_UserAPIMg","support_civet_no":null,"hrtype":"","unit":"","bg":"PDSS","bu":""}
=============================================
14:18:42.720
http://qacivetinterface.foxconn.com/Open/get_user_info_bycode?appid=72weojkeRm09AG1umrN4vA2&code=8d1599cb8n9imY3foExjkKW3CEHbHA4ipoTWb5cz6o3yISXQ1&NSDK_1.1.0
GET

执行结果：{"openid":"ZjMyMTg0NjZ8ZWNjZTg1","is_subscriber":0,"from_pc":1,"civetno":"F3218466","realname":"刘晓飞","sex":"男","nickname":"刘晓飞","area":"广东深圳","sign":"这再惰也会留下个性签名的。","icon":"http://qacivetinterface.foxconn.com/Open/userIcon/F3218466","serviceno":"Civet_UserAPIMg","support_civet_no":null,"hrtype":"","unit":"","bg":"PDSS","bu":""}
=============================================
14:19:13.411
http://qacivetinterface.foxconn.com/Open/get_user_info_bycode?appid=72weojkeRm09AG1umrN4vA2&code=edf3akFBn7M9I0ojTbgfHm4KkoqaelCz-b-fhcy1-6qySp6s1&NSDK_1.1.0
GET

执行结果：{"openid":"ZjMyMTg0NjZ8ZWNjZTg1","is_subscriber":0,"from_pc":1,"civetno":"F3218466","realname":"刘晓飞","sex":"男","nickname":"刘晓飞","area":"广东深圳","sign":"这再惰也会留下个性签名的。","icon":"http://qacivetinterface.foxconn.com/Open/userIcon/F3218466","serviceno":"Civet_UserAPIMg","support_civet_no":null,"hrtype":"","unit":"","bg":"PDSS","bu":""}
=============================================
