08:54:55.181
http://qacivetinterface.foxconn.com/Open/get_user_info_bycode?appid=pom4V9GlU-L8Gkv53qqtmA2&code=25ef0rOCq6g2TWXMvkWJPVlyN_LoQDoUfLAufIg8YtiOtucQ1&NSDK_1.1.0
GET

执行结果：{"openid":"ZjMyMTg0NjZ8NmU0OTc1","is_subscriber":1,"from_pc":1,"civetno":"F3218466","realname":"刘晓飞","sex":"男","nickname":"刘晓飞","area":"广东深圳","sign":"这再惰也会留下个性签名的。","icon":"http://qacivetinterface.foxconn.com/Open/userIcon/F3218466","serviceno":"ReleaseList","support_civet_no":null,"hrtype":"","unit":"","bg":"PDSS","bu":""}
=============================================
10:29:39.836
http://qacivetinterface.foxconn.com/Open/get_user_info_bycode?appid=pom4V9GlU-L8Gkv53qqtmA2&code=96081LVbpL9wbcTZfuxjcjuzZWUd0spMMQQH7N_vcJSLCyo81&NSDK_1.1.0
GET

执行结果：{"openid":"ZjMyMTg0NjZ8NmU0OTc1","is_subscriber":1,"from_pc":1,"civetno":"F3218466","realname":"刘晓飞","sex":"男","nickname":"刘晓飞","area":"广东深圳","sign":"这再惰也会留下个性签名的。","icon":"http://qacivetinterface.foxconn.com/Open/userIcon/F3218466","serviceno":"ReleaseList","support_civet_no":null,"hrtype":"","unit":"","bg":"PDSS","bu":""}
=============================================
10:41:23.585
http://qacivetinterface.foxconn.com/Open/get_user_info_bycode?appid=pom4V9GlU-L8Gkv53qqtmA2&code=0ea6ezzgyzwoXvo9SkwNnIE51fHuroNeZnz0WaKuL3V-bYyw1&NSDK_1.1.0
GET

执行结果：{"openid":"ZjMyMTg0NjZ8NmU0OTc1","is_subscriber":1,"from_pc":1,"civetno":"F3218466","realname":"刘晓飞","sex":"男","nickname":"刘晓飞","area":"广东深圳","sign":"这再惰也会留下个性签名的。","icon":"http://qacivetinterface.foxconn.com/Open/userIcon/F3218466","serviceno":"ReleaseList","support_civet_no":null,"hrtype":"","unit":"","bg":"PDSS","bu":""}
=============================================
11:11:52.798
http://qacivetinterface.foxconn.com/Open/get_user_info_bycode?appid=pom4V9GlU-L8Gkv53qqtmA2&code=4453cyN4boUXDBu4ZkGV8EfbJNIdM53hIHQc5LhCcKw6z12k1&NSDK_1.1.0
GET

执行结果：{"openid":"ZjMyMTg0NjZ8NmU0OTc1","is_subscriber":1,"from_pc":1,"civetno":"F3218466","realname":"刘晓飞","sex":"男","nickname":"刘晓飞","area":"广东深圳","sign":"这再惰也会留下个性签名的。","icon":"http://qacivetinterface.foxconn.com/Open/userIcon/F3218466","serviceno":"ReleaseList","support_civet_no":null,"hrtype":"","unit":"","bg":"PDSS","bu":""}
=============================================
11:24:05.105
http://qacivetinterface.foxconn.com/Open/get_user_info_bycode?appid=pom4V9GlU-L8Gkv53qqtmA2&code=d7ebaskNhqaW6tClIOn5EV0UonrekR_5V1uHj_5EUHWxUg9I1&NSDK_1.1.0
GET

执行结果：{"openid":"ZjMyMTg0NjZ8NmU0OTc1","is_subscriber":1,"from_pc":1,"civetno":"F3218466","realname":"刘晓飞","sex":"男","nickname":"刘晓飞","area":"广东深圳","sign":"这再惰也会留下个性签名的。","icon":"http://qacivetinterface.foxconn.com/Open/userIcon/F3218466","serviceno":"ReleaseList","support_civet_no":null,"hrtype":"","unit":"","bg":"PDSS","bu":""}
=============================================
11:29:01.744
http://qacivetinterface.foxconn.com/Open/get_user_info_bycode?appid=pom4V9GlU-L8Gkv53qqtmA2&code=1a203GWB5AtF96mRggooW8I8z233qtSJ1XPWSRgU68E3_3J81&NSDK_1.1.0
GET

执行结果：{"openid":"ZjMyMTg0NjZ8NmU0OTc1","is_subscriber":1,"from_pc":1,"civetno":"F3218466","realname":"刘晓飞","sex":"男","nickname":"刘晓飞","area":"广东深圳","sign":"这再惰也会留下个性签名的。","icon":"http://qacivetinterface.foxconn.com/Open/userIcon/F3218466","serviceno":"ReleaseList","support_civet_no":null,"hrtype":"","unit":"","bg":"PDSS","bu":""}
=============================================
11:32:55.091
http://qacivetinterface.foxconn.com/Open/get_user_info_bycode?appid=pom4V9GlU-L8Gkv53qqtmA2&code=b137dHGnaH2JerK9LuqYDFoMu_7_Nrt2trVgP8UP2E2CS0mM1&NSDK_1.1.0
GET

执行结果：{"openid":"ZjMyMTg0NjZ8NmU0OTc1","is_subscriber":1,"from_pc":1,"civetno":"F3218466","realname":"刘晓飞","sex":"男","nickname":"刘晓飞","area":"广东深圳","sign":"这再惰也会留下个性签名的。","icon":"http://qacivetinterface.foxconn.com/Open/userIcon/F3218466","serviceno":"ReleaseList","support_civet_no":null,"hrtype":"","unit":"","bg":"PDSS","bu":""}
=============================================
11:34:37.714
http://qacivetinterface.foxconn.com/Open/get_user_info_bycode?appid=pom4V9GlU-L8Gkv53qqtmA2&code=2b9b3eUYRJatMGyw4fmxzXkVapBxk1oYDTgdMTScVLH-2Dks1&NSDK_1.1.0
GET

执行结果：{"openid":"ZjMyMTg0NjZ8NmU0OTc1","is_subscriber":1,"from_pc":1,"civetno":"F3218466","realname":"刘晓飞","sex":"男","nickname":"刘晓飞","area":"广东深圳","sign":"这再惰也会留下个性签名的。","icon":"http://qacivetinterface.foxconn.com/Open/userIcon/F3218466","serviceno":"ReleaseList","support_civet_no":null,"hrtype":"","unit":"","bg":"PDSS","bu":""}
=============================================
11:40:28.382
http://qacivetinterface.foxconn.com/Open/get_user_info_bycode?appid=pom4V9GlU-L8Gkv53qqtmA2&code=765c9E1Fn_Z8bbGbvNHaEsAEs3YY7TaqrJD1do1CNdNQD6cA1&NSDK_1.1.0
GET

执行结果：{"openid":"ZjMyMTg0NjZ8NmU0OTc1","is_subscriber":1,"from_pc":1,"civetno":"F3218466","realname":"刘晓飞","sex":"男","nickname":"刘晓飞","area":"广东深圳","sign":"这再惰也会留下个性签名的。","icon":"http://qacivetinterface.foxconn.com/Open/userIcon/F3218466","serviceno":"ReleaseList","support_civet_no":null,"hrtype":"","unit":"","bg":"PDSS","bu":""}
=============================================
11:50:42.266
http://qacivetinterface.foxconn.com/Open/get_user_info_bycode?appid=pom4V9GlU-L8Gkv53qqtmA2&code=66f0bgDPJwM44DjEXOh4YHKnyLGB5G5E9FJEKdpL7J1fAxyU1&NSDK_1.1.0
GET

执行结果：{"openid":"ZjMyMTg0NjZ8NmU0OTc1","is_subscriber":1,"from_pc":1,"civetno":"F3218466","realname":"刘晓飞","sex":"男","nickname":"刘晓飞","area":"广东深圳","sign":"这再惰也会留下个性签名的。","icon":"http://qacivetinterface.foxconn.com/Open/userIcon/F3218466","serviceno":"ReleaseList","support_civet_no":null,"hrtype":"","unit":"","bg":"PDSS","bu":""}
=============================================
13:57:02.583
http://qacivetinterface.foxconn.com/Open/get_user_info_bycode?appid=pom4V9GlU-L8Gkv53qqtmA2&code=06a89OhQPGZiFf9mpATGLbz3ftvAOAPmOgxkMc48W0-Rlw2s1&NSDK_1.1.0
GET

执行结果：{"openid":"ZjMyMTg0NjZ8NmU0OTc1","is_subscriber":1,"from_pc":1,"civetno":"F3218466","realname":"刘晓飞","sex":"男","nickname":"刘晓飞","area":"广东深圳","sign":"这再惰也会留下个性签名的。","icon":"http://qacivetinterface.foxconn.com/Open/userIcon/F3218466","serviceno":"ReleaseList","support_civet_no":null,"hrtype":"","unit":"","bg":"PDSS","bu":""}
=============================================
14:16:24.542
http://qacivetinterface.foxconn.com/Open/get_user_info_bycode?appid=pom4V9GlU-L8Gkv53qqtmA2&code=46ce0gbz9c2FihRk-IN6aYEaiDbJ6qqTqW_63g53ucTkIrXo1&NSDK_1.1.0
GET

执行结果：{"openid":"ZjMyMTg0NjZ8NmU0OTc1","is_subscriber":1,"from_pc":1,"civetno":"F3218466","realname":"刘晓飞","sex":"男","nickname":"刘晓飞","area":"广东深圳","sign":"这再惰也会留下个性签名的。","icon":"http://qacivetinterface.foxconn.com/Open/userIcon/F3218466","serviceno":"ReleaseList","support_civet_no":null,"hrtype":"","unit":"","bg":"PDSS","bu":""}
=============================================
14:19:27.936
http://qacivetinterface.foxconn.com/Open/get_user_info_bycode?appid=pom4V9GlU-L8Gkv53qqtmA2&code=ee527CpHjQPpzOrxWfaFUzbxH9Z6gEqJUo7Sqbz0uvr5Y7KU1&NSDK_1.1.0
GET

执行结果：{"openid":"ZjMyMTg0NjZ8NmU0OTc1","is_subscriber":1,"from_pc":1,"civetno":"F3218466","realname":"刘晓飞","sex":"男","nickname":"刘晓飞","area":"广东深圳","sign":"这再惰也会留下个性签名的。","icon":"http://qacivetinterface.foxconn.com/Open/userIcon/F3218466","serviceno":"ReleaseList","support_civet_no":null,"hrtype":"","unit":"","bg":"PDSS","bu":""}
=============================================
14:24:48.936
http://qacivetinterface.foxconn.com/Open/get_user_info_bycode?appid=pom4V9GlU-L8Gkv53qqtmA2&code=1a6d0KajKelYoKeo-Bt5U0bFJ9wmU6ulM7WtRxxnBUDMIJSw1&NSDK_1.1.0
GET

执行结果：{"openid":"ZjMyMTg0NjZ8NmU0OTc1","is_subscriber":1,"from_pc":1,"civetno":"F3218466","realname":"刘晓飞","sex":"男","nickname":"刘晓飞","area":"广东深圳","sign":"这再惰也会留下个性签名的。","icon":"http://qacivetinterface.foxconn.com/Open/userIcon/F3218466","serviceno":"ReleaseList","support_civet_no":null,"hrtype":"","unit":"","bg":"PDSS","bu":""}
=============================================
14:26:55.208
http://qacivetinterface.foxconn.com/Open/get_user_info_bycode?appid=pom4V9GlU-L8Gkv53qqtmA2&code=74d5bGuKy8FUxpdE8Z4pdDIbIRQXrKjnokhdxUXUhN7zM1fs1&NSDK_1.1.0
GET

执行结果：{"openid":"ZjMyMTg0NjZ8NmU0OTc1","is_subscriber":1,"from_pc":1,"civetno":"F3218466","realname":"刘晓飞","sex":"男","nickname":"刘晓飞","area":"广东深圳","sign":"这再惰也会留下个性签名的。","icon":"http://qacivetinterface.foxconn.com/Open/userIcon/F3218466","serviceno":"ReleaseList","support_civet_no":null,"hrtype":"","unit":"","bg":"PDSS","bu":""}
=============================================
14:54:20.242
http://qacivetinterface.foxconn.com/Open/get_user_info_bycode?appid=pom4V9GlU-L8Gkv53qqtmA2&code=77345BCMSj71Y19rNxAcqnhdjkxM_71r_KbIY1qIB7NQUd1w1&NSDK_1.1.0
GET

执行结果：{"openid":"ZjMyMTg0NjZ8NmU0OTc1","is_subscriber":1,"from_pc":1,"civetno":"F3218466","realname":"刘晓飞","sex":"男","nickname":"刘晓飞","area":"广东深圳","sign":"这再惰也会留下个性签名的。","icon":"http://qacivetinterface.foxconn.com/Open/userIcon/F3218466","serviceno":"ReleaseList","support_civet_no":null,"hrtype":"","unit":"","bg":"PDSS","bu":""}
=============================================
15:03:29.074
http://qacivetinterface.foxconn.com/Open/get_user_info_bycode?appid=pom4V9GlU-L8Gkv53qqtmA2&code=96effQHMW_CJuCFxfSv3oSE_aWA62m5cuVl6Ul13OidOicok1&NSDK_1.1.0
GET

执行结果：{"openid":"ZjMyMTg0NjZ8NmU0OTc1","is_subscriber":1,"from_pc":1,"civetno":"F3218466","realname":"刘晓飞","sex":"男","nickname":"刘晓飞","area":"广东深圳","sign":"这再惰也会留下个性签名的。","icon":"http://qacivetinterface.foxconn.com/Open/userIcon/F3218466","serviceno":"ReleaseList","support_civet_no":null,"hrtype":"","unit":"","bg":"PDSS","bu":""}
=============================================
15:09:32.959
http://qacivetinterface.foxconn.com/Open/get_user_info_bycode?appid=pom4V9GlU-L8Gkv53qqtmA2&code=69319ZTERDEbRNig7oNb2X-_NG8Ot5S2EohDzVHNZu60IFLc1&NSDK_1.1.0
GET

执行结果：{"openid":"ZjMyMTg0NjZ8NmU0OTc1","is_subscriber":1,"from_pc":1,"civetno":"F3218466","realname":"刘晓飞","sex":"男","nickname":"刘晓飞","area":"广东深圳","sign":"这再惰也会留下个性签名的。","icon":"http://qacivetinterface.foxconn.com/Open/userIcon/F3218466","serviceno":"ReleaseList","support_civet_no":null,"hrtype":"","unit":"","bg":"PDSS","bu":""}
=============================================
15:12:45.027
http://qacivetinterface.foxconn.com/Open/get_user_info_bycode?appid=pom4V9GlU-L8Gkv53qqtmA2&code=292a2bp2CoSLfxMmdS4rWN8xGgYaed5Aq1dsjx-UnEsB3OKk1&NSDK_1.1.0
GET

执行结果：{"openid":"ZjMyMTg0NjZ8NmU0OTc1","is_subscriber":1,"from_pc":1,"civetno":"F3218466","realname":"刘晓飞","sex":"男","nickname":"刘晓飞","area":"广东深圳","sign":"这再惰也会留下个性签名的。","icon":"http://qacivetinterface.foxconn.com/Open/userIcon/F3218466","serviceno":"ReleaseList","support_civet_no":null,"hrtype":"","unit":"","bg":"PDSS","bu":""}
=============================================
15:15:53.414
http://qacivetinterface.foxconn.com/Open/get_user_info_bycode?appid=pom4V9GlU-L8Gkv53qqtmA2&code=49316eos5MaP9HIPBFgwtQ6NKY1sNoVPXzdCS9RUm0gjCcGs1&NSDK_1.1.0
GET

执行结果：{"openid":"ZjMyMTg0NjZ8NmU0OTc1","is_subscriber":1,"from_pc":1,"civetno":"F3218466","realname":"刘晓飞","sex":"男","nickname":"刘晓飞","area":"广东深圳","sign":"这再惰也会留下个性签名的。","icon":"http://qacivetinterface.foxconn.com/Open/userIcon/F3218466","serviceno":"ReleaseList","support_civet_no":null,"hrtype":"","unit":"","bg":"PDSS","bu":""}
=============================================
15:16:35.120
http://qacivetinterface.foxconn.com/Open/get_user_info_bycode?appid=pom4V9GlU-L8Gkv53qqtmA2&code=907d3GmQmLXPUk_H_lqSQHhXNIUoP9GBuOnRxeJa-DSz3kCM1&NSDK_1.1.0
GET

执行结果：{"openid":"ZjMyMTg0NjZ8NmU0OTc1","is_subscriber":1,"from_pc":1,"civetno":"F3218466","realname":"刘晓飞","sex":"男","nickname":"刘晓飞","area":"广东深圳","sign":"这再惰也会留下个性签名的。","icon":"http://qacivetinterface.foxconn.com/Open/userIcon/F3218466","serviceno":"ReleaseList","support_civet_no":null,"hrtype":"","unit":"","bg":"PDSS","bu":""}
=============================================
17:10:42.341
http://qacivetinterface.foxconn.com/Open/get_user_info_bycode?appid=pom4V9GlU-L8Gkv53qqtmA2&code=b2986-DhYM2_ie4YTqFmmsMEGhtnJmtz8zysU1-4QJ9b3kro1&NSDK_1.1.0
GET

执行结果：{"openid":"ZjMyMTg0NjZ8NmU0OTc1","is_subscriber":1,"from_pc":1,"civetno":"F3218466","realname":"刘晓飞","sex":"男","nickname":"刘晓飞","area":"广东深圳","sign":"这再惰也会留下个性签名的。","icon":"http://qacivetinterface.foxconn.com/Open/userIcon/F3218466","serviceno":"ReleaseList","support_civet_no":null,"hrtype":"","unit":"","bg":"PDSS","bu":""}
=============================================
