10:46:16.222
http://qacivetinterface.foxconn.com/Open/get_user_info_bycode?appid=72weojkeRm09AG1umrN4vA2&code=c75b6SfTNuFvNT6EMzIbu9qnnWvcchJ7tUm2e-_JeORQ7U-g1&NSDK_1.17054
GET

执行结果：{"openid":"ZjMyMzIwNDF8YWUzMzI1","is_subscriber":0,"from_pc":1,"civetno":"F3232041","realname":"邱喜威","sex":"男","nickname":"伊泽瑞","area":"贝宁","sign":"这只是个开始","icon":"http://qacivetinterface.foxconn.com/Open/userIcon/F3232041","serviceno":"Civet_UserAPIMg","support_civet_no":null,"hrtype":"","unit":"","bg":"软件研发","bu":"","access_token":"2UTNESQBceU7GhrVpEwqnw%3d%3d","expires_in":3599}
=============================================
12:06:12.719
http://qacivetinterface.foxconn.com/Open/get_user_info_bycode?appid=72weojkeRm09AG1umrN4vA2&code=4c23bn_WTqJcjgFammXZaTuXrEegjkY93GAx64LFiXj760gg1&NSDK_1.17054
GET

执行结果：{"openid":"ZjMyMTg0NjZ8ZWNjZTg1","is_subscriber":0,"from_pc":1,"civetno":"F3218466","realname":"刘晓飞","sex":"男","nickname":"刘晓飞","area":"广东深圳","sign":"这再惰也会留下个性签名的。","icon":"http://qacivetinterface.foxconn.com/Open/userIcon/F3218466","serviceno":"Civet_UserAPIMg","support_civet_no":null,"hrtype":"","unit":"","bg":"PDSS","bu":"","access_token":"qtNds9wiFSHJZIXdkTziMQ%3d%3d","expires_in":3599}
=============================================
13:36:49.309
http://qacivetinterface.foxconn.com/Open/get_user_info_bycode?appid=72weojkeRm09AG1umrN4vA2&code=547bcJcpMh9uOp-pd9c_INGwTYPRAVu9jSU9pPukkpQpk3Do1&NSDK_1.17054
GET

执行结果：{"openid":"ZjMyMTg0NjZ8ZWNjZTg1","is_subscriber":0,"from_pc":1,"civetno":"F3218466","realname":"刘晓飞","sex":"男","nickname":"刘晓飞","area":"广东深圳","sign":"这再惰也会留下个性签名的。","icon":"http://qacivetinterface.foxconn.com/Open/userIcon/F3218466","serviceno":"Civet_UserAPIMg","support_civet_no":null,"hrtype":"","unit":"","bg":"PDSS","bu":"","access_token":"XOhROZHBrUboP29v%2bpgSuQ%3d%3d","expires_in":3599}
=============================================
14:28:55.196
http://qacivetinterface.foxconn.com/Open/get_user_info_bycode?appid=72weojkeRm09AG1umrN4vA2&code=b362cLnN6lvSGMFPenbf1KKRGmE_oYfrURduOMjEKVsk2jG81&NSDK_1.17054
GET

执行结果：{"openid":"ZjMyMTg0NjZ8ZWNjZTg1","is_subscriber":0,"from_pc":1,"civetno":"F3218466","realname":"刘晓飞","sex":"男","nickname":"刘晓飞","area":"广东深圳","sign":"这再惰也会留下个性签名的。","icon":"http://qacivetinterface.foxconn.com/Open/userIcon/F3218466","serviceno":"Civet_UserAPIMg","support_civet_no":null,"hrtype":"","unit":"","bg":"PDSS","bu":"","access_token":"NQ%2buZubyLfqzTo0HbTjHbA%3d%3d","expires_in":3599}
=============================================
14:29:04.902
http://qacivetinterface.foxconn.com/Open/get_user_info_bycode?appid=72weojkeRm09AG1umrN4vA2&code=54840YfXmc38ENapVkyMaOyQPjcvh61Qc-AEiIWXTgh5a2hw1&NSDK_1.17054
GET

执行结果：{"openid":"ZjMyMTg0NjZ8ZWNjZTg1","is_subscriber":0,"from_pc":1,"civetno":"F3218466","realname":"刘晓飞","sex":"男","nickname":"刘晓飞","area":"广东深圳","sign":"这再惰也会留下个性签名的。","icon":"http://qacivetinterface.foxconn.com/Open/userIcon/F3218466","serviceno":"Civet_UserAPIMg","support_civet_no":null,"hrtype":"","unit":"","bg":"PDSS","bu":"","access_token":"NQ%2buZubyLfrjFqVT9cdddQ%3d%3d","expires_in":3599}
=============================================
14:29:20.905
http://qacivetinterface.foxconn.com/Open/get_user_info_bycode?appid=72weojkeRm09AG1umrN4vA2&code=02f9ffgTV6085t2vupz9k36wxajC9BPwvF4j5KV8pMHi6h-E1&NSDK_1.17054
GET

执行结果：{"openid":"ZjMyMzIwNDF8YWUzMzI1","is_subscriber":0,"from_pc":1,"civetno":"F3232041","realname":"邱喜威","sex":"男","nickname":"伊泽瑞","area":"贝宁","sign":"这只是个开始","icon":"http://qacivetinterface.foxconn.com/Open/userIcon/F3232041","serviceno":"Civet_UserAPIMg","support_civet_no":null,"hrtype":"","unit":"","bg":"软件研发","bu":"","access_token":"NQ%2buZubyLfr%2fx4kWW23Swg%3d%3d","expires_in":3599}
=============================================
14:32:43.344
http://qacivetinterface.foxconn.com/Open/get_user_info_bycode?appid=72weojkeRm09AG1umrN4vA2&code=01cfdnUK-4B6PvDL3ry8DwcknCV3oOyk_2TY3622nHQwe1BI1&NSDK_1.17054
GET

执行结果：{"openid":"ZjMyMzIwNDF8YWUzMzI1","is_subscriber":0,"from_pc":1,"civetno":"F3232041","realname":"邱喜威","sex":"男","nickname":"伊泽瑞","area":"贝宁","sign":"这只是个开始","icon":"http://qacivetinterface.foxconn.com/Open/userIcon/F3232041","serviceno":"Civet_UserAPIMg","support_civet_no":null,"hrtype":"","unit":"","bg":"软件研发","bu":"","access_token":"NQ%2buZubyLfphRU7CwJRxGA%3d%3d","expires_in":3599}
=============================================
14:44:26.874
http://qacivetinterface.foxconn.com/Open/get_user_info_bycode?appid=72weojkeRm09AG1umrN4vA2&code=6c71ce-hD1vlO5z1HeABRUpV_V1a3sF5C5fcb7cLPXIfa1DE1&NSDK_1.17054
GET

执行结果：{"openid":"ZjMyMTg0NjZ8ZWNjZTg1","is_subscriber":0,"from_pc":1,"civetno":"F3218466","realname":"刘晓飞","sex":"男","nickname":"刘晓飞","area":"广东深圳","sign":"这再惰也会留下个性签名的。","icon":"http://qacivetinterface.foxconn.com/Open/userIcon/F3218466","serviceno":"Civet_UserAPIMg","support_civet_no":null,"hrtype":"","unit":"","bg":"PDSS","bu":"","access_token":"h2cUDWeNH5wS4%2btNvitXHQ%3d%3d","expires_in":3599}
=============================================
14:46:39.883
http://qacivetinterface.foxconn.com/Open/get_user_info_bycode?appid=72weojkeRm09AG1umrN4vA2&code=b1d67CWVkHrbnBeIxEx2cFoOyf_Z9zIFhDOT8ybqQhzNlO0w1&NSDK_1.17054
GET

执行结果：{"openid":"ZjMyMzIwNDF8YWUzMzI1","is_subscriber":0,"from_pc":1,"civetno":"F3232041","realname":"邱喜威","sex":"男","nickname":"伊泽瑞","area":"贝宁","sign":"这只是个开始","icon":"http://qacivetinterface.foxconn.com/Open/userIcon/F3232041","serviceno":"Civet_UserAPIMg","support_civet_no":null,"hrtype":"","unit":"","bg":"软件研发","bu":"","access_token":"h2cUDWeNH5xESlpNTcXvJA%3d%3d","expires_in":3599}
=============================================
14:51:33.057
http://qacivetinterface.foxconn.com/Open/get_user_info_bycode?appid=72weojkeRm09AG1umrN4vA2&code=12727YRV-2MYZ6qHvPdM9otstj9L2IRZGIb46re3HDplEFwU1&NSDK_1.17054
GET

执行结果：{"openid":"ZjMyMTg0NjZ8ZWNjZTg1","is_subscriber":0,"from_pc":1,"civetno":"F3218466","realname":"刘晓飞","sex":"男","nickname":"刘晓飞","area":"广东深圳","sign":"这再惰也会留下个性签名的。","icon":"http://qacivetinterface.foxconn.com/Open/userIcon/F3218466","serviceno":"Civet_UserAPIMg","support_civet_no":null,"hrtype":"","unit":"","bg":"PDSS","bu":"","access_token":"h2cUDWeNH5wxhIbIBV%2baOw%3d%3d","expires_in":3599}
=============================================
15:02:04.281
http://qacivetinterface.foxconn.com/Open/get_user_info_bycode?appid=72weojkeRm09AG1umrN4vA2&code=a75ce08oouUQkDJE_05hw0YiN1thPbRvrM6EWjdbs-fBEEfw1&NSDK_1.17054
GET

执行结果：{"openid":"ZjMyMTg0NjZ8ZWNjZTg1","is_subscriber":0,"from_pc":1,"civetno":"F3218466","realname":"刘晓飞","sex":"男","nickname":"刘晓飞","area":"广东深圳","sign":"这再惰也会留下个性签名的。","icon":"http://qacivetinterface.foxconn.com/Open/userIcon/F3218466","serviceno":"Civet_UserAPIMg","support_civet_no":null,"hrtype":"","unit":"","bg":"PDSS","bu":"","access_token":"fqPkdK3XebEDWo6Y7UQDRg%3d%3d","expires_in":3599}
=============================================
15:02:29.780
http://qacivetinterface.foxconn.com/Open/get_user_info_bycode?appid=72weojkeRm09AG1umrN4vA2&code=15ef7-Mj6s3SllKvpDzDwoswCQTU0DAyZUe-xWQAO197V4c81&NSDK_1.17054
GET

执行结果：{"openid":"ZjMyMzIwNDF8YWUzMzI1","is_subscriber":0,"from_pc":1,"civetno":"F3232041","realname":"邱喜威","sex":"男","nickname":"伊泽瑞","area":"贝宁","sign":"这只是个开始","icon":"http://qacivetinterface.foxconn.com/Open/userIcon/F3232041","serviceno":"Civet_UserAPIMg","support_civet_no":null,"hrtype":"","unit":"","bg":"软件研发","bu":"","access_token":"fqPkdK3XebHt8hVzPm29qg%3d%3d","expires_in":3599}
=============================================
16:56:06.503
http://qacivetinterface.foxconn.com/Open/get_user_info_bycode?appid=72weojkeRm09AG1umrN4vA2&code=56f6dNM2wZJXRPlvnnRlu6Q8zOsiizw1r14W7dQCgpnJDG5M1&NSDK_1.17054
GET

执行结果：{"openid":"ZjMyMzIwNDF8YWUzMzI1","is_subscriber":0,"from_pc":1,"civetno":"F3232041","realname":"邱喜威","sex":"男","nickname":"伊泽瑞","area":"贝宁","sign":"这只是个开始","icon":"http://qacivetinterface.foxconn.com/Open/userIcon/F3232041","serviceno":"Civet_UserAPIMg","support_civet_no":null,"hrtype":"","unit":"","bg":"软件研发","bu":"","access_token":"vnoCnzin%2bw5BlcaJcd%2f9cw%3d%3d","expires_in":3599}
=============================================
