08:13:15.539
http://qacivetinterface.foxconn.com/Open/get_user_info_bycode?appid=72weojkeRm09AG1umrN4vA2&code=6e31937X1JnsHXuZM0UuU2MXbxgLXI0rAP_t4NBXHyoKSIxU1&NSDK_1.1.0
GET

执行结果：{"openid":"ZjMyMTg0NjZ8ZWNjZTg1","is_subscriber":0,"from_pc":1,"civetno":"F3218466","realname":"刘晓飞","sex":"男","nickname":"刘晓飞","area":"广东深圳","sign":"这再惰也会留下个性签名的。","icon":"http://qacivetinterface.foxconn.com/Open/userIcon/F3218466","serviceno":"Civet_UserAPIMg","support_civet_no":null,"hrtype":"","unit":"","bg":"PDSS","bu":""}
=============================================
08:36:02.380
http://qacivetinterface.foxconn.com/Open/get_user_info_bycode?appid=72weojkeRm09AG1umrN4vA2&code=1d785ombsoTDxuplyccTErLAUdWXjsn3s4bFnwWEZ41tvE001&NSDK_1.1.0
GET

执行结果：{"openid":"ZjMyMTg0NjZ8ZWNjZTg1","is_subscriber":0,"from_pc":1,"civetno":"F3218466","realname":"刘晓飞","sex":"男","nickname":"刘晓飞","area":"广东深圳","sign":"这再惰也会留下个性签名的。","icon":"http://qacivetinterface.foxconn.com/Open/userIcon/F3218466","serviceno":"Civet_UserAPIMg","support_civet_no":null,"hrtype":"","unit":"","bg":"PDSS","bu":""}
=============================================
08:49:11.437
http://qacivetinterface.foxconn.com/Open/get_user_info_bycode?appid=72weojkeRm09AG1umrN4vA2&code=f3a209kPUDTJRYcqGkjFmaSUG4zNPFrjUChYA4FZGOKpSUTU1&NSDK_1.1.0
GET

执行结果：{"openid":"ZjMyMTg0NjZ8ZWNjZTg1","is_subscriber":0,"from_pc":1,"civetno":"F3218466","realname":"刘晓飞","sex":"男","nickname":"刘晓飞","area":"广东深圳","sign":"这再惰也会留下个性签名的。","icon":"http://qacivetinterface.foxconn.com/Open/userIcon/F3218466","serviceno":"Civet_UserAPIMg","support_civet_no":null,"hrtype":"","unit":"","bg":"PDSS","bu":""}
=============================================
08:51:49.083
http://qacivetinterface.foxconn.com/Open/get_user_info_bycode?appid=72weojkeRm09AG1umrN4vA2&code=24d26sUuCx9Nhc1GseCJCXVRzf9YAtgZh7OXlyQu0kfnlp_g1&NSDK_1.1.0
GET

执行结果：{"openid":"ZjMyMTg0NjZ8ZWNjZTg1","is_subscriber":0,"from_pc":1,"civetno":"F3218466","realname":"刘晓飞","sex":"男","nickname":"刘晓飞","area":"广东深圳","sign":"这再惰也会留下个性签名的。","icon":"http://qacivetinterface.foxconn.com/Open/userIcon/F3218466","serviceno":"Civet_UserAPIMg","support_civet_no":null,"hrtype":"","unit":"","bg":"PDSS","bu":""}
=============================================
09:00:43.852
http://qacivetinterface.foxconn.com/Open/get_user_info_bycode?appid=72weojkeRm09AG1umrN4vA2&code=04bf2UM0mUFk3bklSo9jTl7l0ai-l_mm3gB1fzvfxUM4WczQ1&NSDK_1.1.0
GET

执行结果：{"openid":"ZjMyMTg0NjZ8ZWNjZTg1","is_subscriber":0,"from_pc":1,"civetno":"F3218466","realname":"刘晓飞","sex":"男","nickname":"刘晓飞","area":"广东深圳","sign":"这再惰也会留下个性签名的。","icon":"http://qacivetinterface.foxconn.com/Open/userIcon/F3218466","serviceno":"Civet_UserAPIMg","support_civet_no":null,"hrtype":"","unit":"","bg":"PDSS","bu":""}
=============================================
09:04:45.280
http://qacivetinterface.foxconn.com/Open/get_user_info_bycode?appid=72weojkeRm09AG1umrN4vA2&code=035fe2TZ1aQ_uHvMHkrqHN4aUbB-7AKZendsRJ91kmbtmtV41&NSDK_1.1.0
GET

执行结果：{"openid":"ZjMyMTg0NjZ8ZWNjZTg1","is_subscriber":0,"from_pc":1,"civetno":"F3218466","realname":"刘晓飞","sex":"男","nickname":"刘晓飞","area":"广东深圳","sign":"这再惰也会留下个性签名的。","icon":"http://qacivetinterface.foxconn.com/Open/userIcon/F3218466","serviceno":"Civet_UserAPIMg","support_civet_no":null,"hrtype":"","unit":"","bg":"PDSS","bu":""}
=============================================
09:17:40.803
http://qacivetinterface.foxconn.com/Open/get_user_info_bycode?appid=72weojkeRm09AG1umrN4vA2&code=80672qNOAFaG7dg-twZN5RnFtcCFSzVn3-n35v7HdlGwmrBo1&NSDK_1.1.0
GET

执行结果：{"openid":"ZjMyMTg0NjZ8ZWNjZTg1","is_subscriber":0,"from_pc":1,"civetno":"F3218466","realname":"刘晓飞","sex":"男","nickname":"刘晓飞","area":"广东深圳","sign":"这再惰也会留下个性签名的。","icon":"http://qacivetinterface.foxconn.com/Open/userIcon/F3218466","serviceno":"Civet_UserAPIMg","support_civet_no":null,"hrtype":"","unit":"","bg":"PDSS","bu":""}
=============================================
09:37:25.040
http://qacivetinterface.foxconn.com/Open/get_user_info_bycode?appid=72weojkeRm09AG1umrN4vA2&code=8680aTyej9YDf9lEnVO5hfjSaI99nfBY_mXiXX5yZwLCG5y81&NSDK_1.1.0
GET

执行结果：{"openid":"ZjMyMTg0NjZ8ZWNjZTg1","is_subscriber":0,"from_pc":1,"civetno":"F3218466","realname":"刘晓飞","sex":"男","nickname":"刘晓飞","area":"广东深圳","sign":"这再惰也会留下个性签名的。","icon":"http://qacivetinterface.foxconn.com/Open/userIcon/F3218466","serviceno":"Civet_UserAPIMg","support_civet_no":null,"hrtype":"","unit":"","bg":"PDSS","bu":""}
=============================================
09:48:07.787
http://qacivetinterface.foxconn.com/Open/get_user_info_bycode?appid=72weojkeRm09AG1umrN4vA2&code=a2bae9gwWr3drH4JkSZYlpDjnr45G899htoH_JQuxpiPtBBA1&NSDK_1.1.0
GET

执行结果：{"openid":"ZjMyMTg0NjZ8ZWNjZTg1","is_subscriber":0,"from_pc":1,"civetno":"F3218466","realname":"刘晓飞","sex":"男","nickname":"刘晓飞","area":"广东深圳","sign":"这再惰也会留下个性签名的。","icon":"http://qacivetinterface.foxconn.com/Open/userIcon/F3218466","serviceno":"Civet_UserAPIMg","support_civet_no":null,"hrtype":"","unit":"","bg":"PDSS","bu":"","access_token":"iE5xYyy5w1BIZFMsxGujhQ%3d%3d"}
=============================================
09:55:12.879
http://qacivetinterface.foxconn.com/Open/get_user_info_bycode?appid=72weojkeRm09AG1umrN4vA2&code=80da3keTpiKJmT-tuKkbw5R9H4x50vbzNVzdgDUw2vfYqM-A1&NSDK_1.1.0
GET

执行结果：{"openid":"ZjMyMTg0NjZ8ZWNjZTg1","is_subscriber":0,"from_pc":1,"civetno":"F3218466","realname":"刘晓飞","sex":"男","nickname":"刘晓飞","area":"广东深圳","sign":"这再惰也会留下个性签名的。","icon":"http://qacivetinterface.foxconn.com/Open/userIcon/F3218466","serviceno":"Civet_UserAPIMg","support_civet_no":null,"hrtype":"","unit":"","bg":"PDSS","bu":"","access_token":"iE5xYyy5w1C9VprKSAxDpw%3d%3d"}
=============================================
10:14:21.704
http://qacivetinterface.foxconn.com/Open/get_user_info_bycode?appid=72weojkeRm09AG1umrN4vA2&code=9813ea7aF00-jDETcv-xn5CIltqYK6Br8c4JJoGwlTGhcZOM1&NSDK_1.1.0
GET

执行结果：{"openid":"ZjMyMTg0NjZ8ZWNjZTg1","is_subscriber":0,"from_pc":1,"civetno":"F3218466","realname":"刘晓飞","sex":"男","nickname":"刘晓飞","area":"广东深圳","sign":"这再惰也会留下个性签名的。","icon":"http://qacivetinterface.foxconn.com/Open/userIcon/F3218466","serviceno":"Civet_UserAPIMg","support_civet_no":null,"hrtype":"","unit":"","bg":"PDSS","bu":"","access_token":"hyfq9uxydLf%2f4my0IT2R8A%3d%3d"}
=============================================
10:15:27.388
http://qacivetinterface.foxconn.com/Open/get_user_info_bycode?appid=72weojkeRm09AG1umrN4vA2&code=cc34060mQ4pvjr-0H3yxyNSvrYlAwzGvHJQjxl1vp7cdUhEM1&NSDK_1.1.0
GET

执行结果：{"openid":"ZjMyMTg0NjZ8ZWNjZTg1","is_subscriber":0,"from_pc":1,"civetno":"F3218466","realname":"刘晓飞","sex":"男","nickname":"刘晓飞","area":"广东深圳","sign":"这再惰也会留下个性签名的。","icon":"http://qacivetinterface.foxconn.com/Open/userIcon/F3218466","serviceno":"Civet_UserAPIMg","support_civet_no":null,"hrtype":"","unit":"","bg":"PDSS","bu":"","access_token":"hyfq9uxydLe2ujsZpxonbQ%3d%3d"}
=============================================
10:22:37.063
http://qacivetinterface.foxconn.com/Open/get_user_info_bycode?appid=72weojkeRm09AG1umrN4vA2&code=4b23fKFbJLUtN-nHsxODRxSf6UhUFKf8tfbdk0MnU4uTf-jo1&NSDK_1.1.0
GET

执行结果：{"openid":"ZjMyMTg0NjZ8ZWNjZTg1","is_subscriber":0,"from_pc":1,"civetno":"F3218466","realname":"刘晓飞","sex":"男","nickname":"刘晓飞","area":"广东深圳","sign":"这再惰也会留下个性签名的。","icon":"http://qacivetinterface.foxconn.com/Open/userIcon/F3218466","serviceno":"Civet_UserAPIMg","support_civet_no":null,"hrtype":"","unit":"","bg":"PDSS","bu":"","access_token":"hyfq9uxydLc2meuEYDi7tQ%3d%3d"}
=============================================
10:30:50.662
http://qacivetinterface.foxconn.com/Open/get_user_info_bycode?appid=72weojkeRm09AG1umrN4vA2&code=8b98dXz5me5kdwV-EdfHV9PH1fY8WOkc9XYHQkeM1RiBgZV41&NSDK_1.1.0
GET

执行结果：{"openid":"ZjMyMTg0NjZ8ZWNjZTg1","is_subscriber":0,"from_pc":1,"civetno":"F3218466","realname":"刘晓飞","sex":"男","nickname":"刘晓飞","area":"广东深圳","sign":"这再惰也会留下个性签名的。","icon":"http://qacivetinterface.foxconn.com/Open/userIcon/F3218466","serviceno":"Civet_UserAPIMg","support_civet_no":null,"hrtype":"","unit":"","bg":"PDSS","bu":"","access_token":"mJXWiC3cUg8Tx3EgvnXpLg%3d%3d"}
=============================================
10:49:12.143
http://qacivetinterface.foxconn.com/Open/get_user_info_bycode?appid=72weojkeRm09AG1umrN4vA2&code=78e66vTBqIzx1CHsZsW_ZucMtdqMqwpRWAq9EEXxfEDKxvuY1&NSDK_1.1.0
GET

执行结果：{"openid":"ZjMyMTg0NjZ8ZWNjZTg1","is_subscriber":0,"from_pc":1,"civetno":"F3218466","realname":"刘晓飞","sex":"男","nickname":"刘晓飞","area":"广东深圳","sign":"这再惰也会留下个性签名的。","icon":"http://qacivetinterface.foxconn.com/Open/userIcon/F3218466","serviceno":"Civet_UserAPIMg","support_civet_no":null,"hrtype":"","unit":"","bg":"PDSS","bu":"","access_token":"johhTN%2fURUDftAaNoOd3TA%3d%3d"}
=============================================
10:54:03.198
http://qacivetinterface.foxconn.com/Open/get_user_info_bycode?appid=72weojkeRm09AG1umrN4vA2&code=17a51C1yVHwG-7FnBCoPrnKM6OoAu0705HkeQRdKVgZrE_w01&NSDK_1.1.0
GET

执行结果：{"openid":"ZjMyMTg0NjZ8ZWNjZTg1","is_subscriber":0,"from_pc":1,"civetno":"F3218466","realname":"刘晓飞","sex":"男","nickname":"刘晓飞","area":"广东深圳","sign":"这再惰也会留下个性签名的。","icon":"http://qacivetinterface.foxconn.com/Open/userIcon/F3218466","serviceno":"Civet_UserAPIMg","support_civet_no":null,"hrtype":"","unit":"","bg":"PDSS","bu":"","access_token":"johhTN%2fURUBYwQq%2fDXe8Tg%3d%3d"}
=============================================
10:58:38.639
http://qacivetinterface.foxconn.com/Open/get_user_info_bycode?appid=72weojkeRm09AG1umrN4vA2&code=f342188UinUji8R7nm6bcwr-SQqS2U3G7Z9Nm_hS0VQeyUWQ1&NSDK_1.1.0
GET

执行结果：{"openid":"ZjMyMTg0NjZ8ZWNjZTg1","is_subscriber":0,"from_pc":1,"civetno":"F3218466","realname":"刘晓飞","sex":"男","nickname":"刘晓飞","area":"广东深圳","sign":"这再惰也会留下个性签名的。","icon":"http://qacivetinterface.foxconn.com/Open/userIcon/F3218466","serviceno":"Civet_UserAPIMg","support_civet_no":null,"hrtype":"","unit":"","bg":"PDSS","bu":"","access_token":"johhTN%2fURUD0bntrSOEWow%3d%3d"}
=============================================
11:02:07.649
http://qacivetinterface.foxconn.com/Open/get_user_info_bycode?appid=72weojkeRm09AG1umrN4vA2&code=5bdd4cMpkBJNL0Jw5B55GY8VU8jk1t8FdDxFaEcBFrYP7O7Y1&NSDK_1.1.0
GET

执行结果：{"openid":"ZjMyMTg0NjZ8ZWNjZTg1","is_subscriber":0,"from_pc":1,"civetno":"F3218466","realname":"刘晓飞","sex":"男","nickname":"刘晓飞","area":"广东深圳","sign":"这再惰也会留下个性签名的。","icon":"http://qacivetinterface.foxconn.com/Open/userIcon/F3218466","serviceno":"Civet_UserAPIMg","support_civet_no":null,"hrtype":"","unit":"","bg":"PDSS","bu":"","access_token":"johhTN%2fURUAWmrDMu%2bKeNQ%3d%3d"}
=============================================
11:04:00.602
http://qacivetinterface.foxconn.com/Open/get_user_info_bycode?appid=72weojkeRm09AG1umrN4vA2&code=fed68UxVpkaPb5-0IHYDCYy6UWAGkrtjx1rBxFP8eAeES-aE1&NSDK_1.1.0
GET

执行结果：{"openid":"ZjMyMTg0NjZ8ZWNjZTg1","is_subscriber":0,"from_pc":1,"civetno":"F3218466","realname":"刘晓飞","sex":"男","nickname":"刘晓飞","area":"广东深圳","sign":"这再惰也会留下个性签名的。","icon":"http://qacivetinterface.foxconn.com/Open/userIcon/F3218466","serviceno":"Civet_UserAPIMg","support_civet_no":null,"hrtype":"","unit":"","bg":"PDSS","bu":"","access_token":"NJtE3GRZx7Oax%2fDnioIpnQ%3d%3d"}
=============================================
11:22:38.338
http://qacivetinterface.foxconn.com/Open/get_user_info_bycode?appid=72weojkeRm09AG1umrN4vA2&code=38b23bDl6k6RqnAnIFY6ysFCvwnyLUdvIPrQI2vBAhT-QFM01&NSDK_1.1.0
GET

执行结果：{"openid":"ZjMyMTg0NjZ8ZWNjZTg1","is_subscriber":0,"from_pc":1,"civetno":"F3218466","realname":"刘晓飞","sex":"男","nickname":"刘晓飞","area":"广东深圳","sign":"这再惰也会留下个性签名的。","icon":"http://qacivetinterface.foxconn.com/Open/userIcon/F3218466","serviceno":"Civet_UserAPIMg","support_civet_no":null,"hrtype":"","unit":"","bg":"PDSS","bu":"","access_token":"Wy%2fillYwYW%2fPxN0vlreMEA%3d%3d","expires_in":3601}
=============================================
11:39:50.323
http://qacivetinterface.foxconn.com/Open/get_user_info_bycode?appid=72weojkeRm09AG1umrN4vA2&code=99445iOIqT-SIY8keFEhSY2TJ9bzxzTPWuA0y5RKOJEkMxnY1&NSDK_1.1.0
GET

执行结果：{"openid":"ZjMyMTg0NjZ8ZWNjZTg1","is_subscriber":0,"from_pc":1,"civetno":"F3218466","realname":"刘晓飞","sex":"男","nickname":"刘晓飞","area":"广东深圳","sign":"这再惰也会留下个性签名的。","icon":"http://qacivetinterface.foxconn.com/Open/userIcon/F3218466","serviceno":"Civet_UserAPIMg","support_civet_no":null,"hrtype":"","unit":"","bg":"PDSS","bu":"","access_token":"HcztE8%2bOTJtFrdaKUUyQJw%3d%3d","expires_in":3601}
=============================================
11:44:28.393
http://qacivetinterface.foxconn.com/Open/get_user_info_bycode?appid=72weojkeRm09AG1umrN4vA2&code=82117UB60dqrrUjKibSopdwQuXWJB96uP-3b2oATMWj5nSw81&NSDK_1.1.0
GET

执行结果：{"openid":"ZjMyMTg0NjZ8ZWNjZTg1","is_subscriber":0,"from_pc":1,"civetno":"F3218466","realname":"刘晓飞","sex":"男","nickname":"刘晓飞","area":"广东深圳","sign":"这再惰也会留下个性签名的。","icon":"http://qacivetinterface.foxconn.com/Open/userIcon/F3218466","serviceno":"Civet_UserAPIMg","support_civet_no":null,"hrtype":"","unit":"","bg":"PDSS","bu":"","access_token":"HcztE8%2bOTJu4WNdNu5YBtA%3d%3d","expires_in":3601}
=============================================
13:36:08.430
http://qacivetinterface.foxconn.com/Open/get_user_info_bycode?appid=72weojkeRm09AG1umrN4vA2&code=c0da2ZtFt0XJMYKUnE_wM6F_m9vlrOgQlNSX2sYdJ3Gjg9ZQ1&NSDK_1.1.0
GET

执行结果：{"openid":"ZjMyMTg0NjZ8ZWNjZTg1","is_subscriber":0,"from_pc":1,"civetno":"F3218466","realname":"刘晓飞","sex":"男","nickname":"刘晓飞","area":"广东深圳","sign":"这再惰也会留下个性签名的。","icon":"http://qacivetinterface.foxconn.com/Open/userIcon/F3218466","serviceno":"Civet_UserAPIMg","support_civet_no":null,"hrtype":"","unit":"","bg":"PDSS","bu":"","access_token":"bEnkjDrqSX2j2GlPc3TBpA%3d%3d","expires_in":3601}
=============================================
13:44:23.389
http://qacivetinterface.foxconn.com/Open/get_user_info_bycode?appid=72weojkeRm09AG1umrN4vA2&code=6e751eGFOWN-mVhhKGxzEJn6Jq_oT_e8THrYxkP2XuB1m1Ug1&NSDK_1.1.0
GET

执行结果：{"openid":"ZjMyMTg0NjZ8ZWNjZTg1","is_subscriber":0,"from_pc":1,"civetno":"F3218466","realname":"刘晓飞","sex":"男","nickname":"刘晓飞","area":"广东深圳","sign":"这再惰也会留下个性签名的。","icon":"http://qacivetinterface.foxconn.com/Open/userIcon/F3218466","serviceno":"Civet_UserAPIMg","support_civet_no":null,"hrtype":"","unit":"","bg":"PDSS","bu":"","access_token":"bEnkjDrqSX1r0YPznxapBQ%3d%3d","expires_in":3601}
=============================================
14:04:10.749
http://qacivetinterface.foxconn.com/Open/get_user_info_bycode?appid=72weojkeRm09AG1umrN4vA2&code=e9ca6VRGR8Ss7mGma97z0nhdou4QCFqaCsvdIsVMcNZo9naM1&NSDK_1.1.0
GET

执行结果：{"openid":"ZjMyMzM2Nzd8ZThhZmU1","is_subscriber":0,"from_pc":1,"civetno":"f3233677","realname":"f3233677","sex":"女","nickname":"f3233677","area":"~广东深圳~","sign":"没有签名信息","icon":"http://qacivetinterface.foxconn.com/Open/userIcon/f3233677","serviceno":"Civet_UserAPIMg","support_civet_no":null,"hrtype":null,"unit":null,"bg":null,"bu":null,"access_token":"X%2fX22UtJY0dq2qbRV%2bQmXA%3d%3d","expires_in":3601}
=============================================
14:04:56.626
http://qacivetinterface.foxconn.com/Open/get_user_info_bycode?appid=72weojkeRm09AG1umrN4vA2&code=0abbeTMA-E1AQQUClwoTyW3czBAMxMaRjgVyrCBSlLfM2yx01&NSDK_1.1.0
GET

执行结果：{"openid":"ZjMyMzIwNDF8YWUzMzI1","is_subscriber":0,"from_pc":1,"civetno":"F3232041","realname":"邱喜威","sex":"男","nickname":"伊泽瑞","area":"贝宁","sign":"这只是个开始","icon":"http://qacivetinterface.foxconn.com/Open/userIcon/F3232041","serviceno":"Civet_UserAPIMg","support_civet_no":null,"hrtype":"","unit":"","bg":"软件研发","bu":"","access_token":"X%2fX22UtJY0dgKvAMfh2wqA%3d%3d","expires_in":3601}
=============================================
14:09:44.529
http://qacivetinterface.foxconn.com/Open/get_user_info_bycode?appid=72weojkeRm09AG1umrN4vA2&code=51282sP9qU1QXxeFv2djhtDCN42WmSDVMAx0E3fUcnHQ8mf41&NSDK_1.1.0
GET

执行结果：{"openid":"ZjMyMzIwNDF8YWUzMzI1","is_subscriber":0,"from_pc":1,"civetno":"F3232041","realname":"邱喜威","sex":"男","nickname":"伊泽瑞","area":"贝宁","sign":"这只是个开始","icon":"http://qacivetinterface.foxconn.com/Open/userIcon/F3232041","serviceno":"Civet_UserAPIMg","support_civet_no":null,"hrtype":"","unit":"","bg":"软件研发","bu":"","access_token":"T0UHFk5KWKH43fK1cJVWMg%3d%3d","expires_in":3601}
=============================================
14:16:55.187
http://qacivetinterface.foxconn.com/Open/get_user_info_bycode?appid=72weojkeRm09AG1umrN4vA2&code=7321bkCJh6_4N9t33ZBlHC6dk-AHtyiOzGISeVlXOBNTjQsI1&NSDK_1.1.0
GET

执行结果：{"openid":"ZjMyMTg0NjZ8ZWNjZTg1","is_subscriber":0,"from_pc":1,"civetno":"F3218466","realname":"刘晓飞","sex":"男","nickname":"刘晓飞","area":"广东深圳","sign":"这再惰也会留下个性签名的。","icon":"http://qacivetinterface.foxconn.com/Open/userIcon/F3218466","serviceno":"Civet_UserAPIMg","support_civet_no":null,"hrtype":"","unit":"","bg":"PDSS","bu":"","access_token":"T0UHFk5KWKE4MBvebKTdKA%3d%3d","expires_in":3601}
=============================================
14:20:57.812
http://qacivetinterface.foxconn.com/Open/get_user_info_bycode?appid=72weojkeRm09AG1umrN4vA2&code=8574ce-JyvpjW5HacEKZJTaIsZbQOrah7tgGbzccwj3GBXU41&NSDK_1.1.0
GET

执行结果：{"openid":"ZjMyMTg0NjZ8ZWNjZTg1","is_subscriber":0,"from_pc":1,"civetno":"F3218466","realname":"刘晓飞","sex":"男","nickname":"刘晓飞","area":"广东深圳","sign":"这再惰也会留下个性签名的。","icon":"http://qacivetinterface.foxconn.com/Open/userIcon/F3218466","serviceno":"Civet_UserAPIMg","support_civet_no":null,"hrtype":"","unit":"","bg":"PDSS","bu":"","access_token":"T0UHFk5KWKHAxfLK7Vxn6w%3d%3d","expires_in":3601}
=============================================
14:29:20.043
http://qacivetinterface.foxconn.com/Open/get_user_info_bycode?appid=72weojkeRm09AG1umrN4vA2&code=9dca3Oq2UJaDcwhGVgE-WriCQ-dpfK14iLDeYh2qt8_SkdRU1&NSDK_1.1.0
GET

执行结果：{"openid":"ZjMyMzIwNDF8YWUzMzI1","is_subscriber":0,"from_pc":1,"civetno":"F3232041","realname":"邱喜威","sex":"男","nickname":"伊泽瑞","area":"贝宁","sign":"这只是个开始","icon":"http://qacivetinterface.foxconn.com/Open/userIcon/F3232041","serviceno":"Civet_UserAPIMg","support_civet_no":null,"hrtype":"","unit":"","bg":"软件研发","bu":"","access_token":"RKDl5pdPyahrG%2b0k2Iz%2bvA%3d%3d","expires_in":3601}
=============================================
14:43:59.403
http://qacivetinterface.foxconn.com/Open/get_user_info_bycode?appid=72weojkeRm09AG1umrN4vA2&code=6bfeaCzyqA-uUASSMbGagaAN2khZPIN49P98_AMEoMuaRxtE1&NSDK_1.1.0
GET

执行结果：{"openid":"ZjMyMzM2Nzd8ZThhZmU1","is_subscriber":0,"from_pc":1,"civetno":"f3233677","realname":"f3233677","sex":"女","nickname":"f3233677","area":"~广东深圳~","sign":"没有签名信息","icon":"http://qacivetinterface.foxconn.com/Open/userIcon/f3233677","serviceno":"Civet_UserAPIMg","support_civet_no":null,"hrtype":null,"unit":null,"bg":null,"bu":null,"access_token":"c%2fW4siZlClBdkl4gDQJzBg%3d%3d","expires_in":3601}
=============================================
15:03:43.659
http://qacivetinterface.foxconn.com/Open/get_user_info_bycode?appid=72weojkeRm09AG1umrN4vA2&code=58adfT8fJdsl_G4FkJswXYNzS7pEAhXjeQaHuwvVBzFALCRo1&NSDK_1.1.0
GET

执行结果：{"openid":"ZjMyMTg0NjZ8ZWNjZTg1","is_subscriber":0,"from_pc":1,"civetno":"F3218466","realname":"刘晓飞","sex":"男","nickname":"刘晓飞","area":"广东深圳","sign":"这再惰也会留下个性签名的。","icon":"http://qacivetinterface.foxconn.com/Open/userIcon/F3218466","serviceno":"Civet_UserAPIMg","support_civet_no":null,"hrtype":"","unit":"","bg":"PDSS","bu":"","access_token":"gA2WSIJPqlIh60l873utrQ%3d%3d","expires_in":3601}
=============================================
16:02:49.845
http://qacivetinterface.foxconn.com/Open/get_user_info_bycode?appid=72weojkeRm09AG1umrN4vA2&code=84d09n3Re0TCeZqUVt5w2glE-uMO7C6RuXAfdXD6nTNLUUsw1&NSDK_1.1.0
GET

执行结果：{"openid":"ZjMyMTg0NjZ8ZWNjZTg1","is_subscriber":0,"from_pc":1,"civetno":"F3218466","realname":"刘晓飞","sex":"男","nickname":"刘晓飞","area":"广东深圳","sign":"这再惰也会留下个性签名的。","icon":"http://qacivetinterface.foxconn.com/Open/userIcon/F3218466","serviceno":"Civet_UserAPIMg","support_civet_no":null,"hrtype":"","unit":"","bg":"PDSS","bu":"","access_token":"uIGksEnO2yHXGHmzJyDIDQ%3d%3d","expires_in":3601}
=============================================
16:43:52.446
http://qacivetinterface.foxconn.com/Open/get_user_info_bycode?appid=72weojkeRm09AG1umrN4vA2&code=37c685Y_IKR10Eo4y7rQWlKhjNGdYgo8RirsuAIRk2K_rK4c1&NSDK_1.1.0
GET

执行结果：{"openid":"ZjMyMTg0NjZ8ZWNjZTg1","is_subscriber":0,"from_pc":1,"civetno":"F3218466","realname":"刘晓飞","sex":"男","nickname":"刘晓飞","area":"广东深圳","sign":"这再惰也会留下个性签名的。","icon":"http://qacivetinterface.foxconn.com/Open/userIcon/F3218466","serviceno":"Civet_UserAPIMg","support_civet_no":null,"hrtype":"","unit":"","bg":"PDSS","bu":"","access_token":"aPmJnkwQFa%2fedquHGkVdNA%3d%3d","expires_in":3601}
=============================================
