08:23:00.731
http://qacivetinterface.foxconn.com/Open/get_user_info_bycode?appid=72weojkeRm09AG1umrN4vA2&code=8deadKHrJNDsRxXqerYtqp6jyH-B_FsScJkvlY2mGFL1Qtuo1&NSDK_1.1.0
GET

执行结果：{"openid":"ZjMyMTg0NjZ8ZWNjZTg1","is_subscriber":0,"from_pc":1,"civetno":"F3218466","realname":"刘晓飞","sex":"男","nickname":"刘晓飞","area":"广东深圳","sign":"这再惰也会留下个性签名的。","icon":"http://qacivetinterface.foxconn.com/Open/userIcon/F3218466","serviceno":"Civet_UserAPIMg","support_civet_no":null,"hrtype":"","unit":"","bg":"PDSS","bu":"","access_token":"t6p26SvpEVqu72YLVDiL9A%3d%3d","expires_in":3599}
=============================================
10:33:39.891
http://qacivetinterface.foxconn.com/Open/get_user_info_bycode?appid=72weojkeRm09AG1umrN4vA2&code=82576ABAVKa53VDzLPC4ceGltAG_YCiSn4JuUSxIa1scIoZg1&NSDK_1.1.0
GET

执行结果：{"openid":"ZjMyMzIwNDF8YWUzMzI1","is_subscriber":0,"from_pc":1,"civetno":"F3232041","realname":"邱喜威","sex":"男","nickname":"伊泽瑞","area":"贝宁","sign":"这只是个开始","icon":"http://qacivetinterface.foxconn.com/Open/userIcon/F3232041","serviceno":"Civet_UserAPIMg","support_civet_no":null,"hrtype":"","unit":"","bg":"软件研发","bu":"","access_token":"HiHnsPo15KJTBFNhQUecWQ%3d%3d","expires_in":3599}
=============================================
14:08:01.706
http://qacivetinterface.foxconn.com/Open/get_user_info_bycode?appid=72weojkeRm09AG1umrN4vA2&code=f87c6aiHuMhmAHA6RwDjDuNBeb0XyZX0noUEqCasSc09CtsE1&NSDK_1.1.0
GET

执行结果：{"openid":"ZjMyMzIwNDF8YWUzMzI1","is_subscriber":0,"from_pc":1,"civetno":"F3232041","realname":"邱喜威","sex":"男","nickname":"伊泽瑞","area":"贝宁","sign":"这只是个开始","icon":"http://qacivetinterface.foxconn.com/Open/userIcon/F3232041","serviceno":"Civet_UserAPIMg","support_civet_no":null,"hrtype":"","unit":"","bg":"软件研发","bu":"","access_token":"IkswXzcx4z%2bkw2dUVvIRPA%3d%3d","expires_in":3599}
=============================================
16:30:11.344
http://qacivetinterface.foxconn.com/Open/get_user_info_bycode?appid=72weojkeRm09AG1umrN4vA2&code=603caOlbMym5FD5ytlic6l-T_UZKQ1uoP5yrSvsilrSMplG41&NSDK_1.1.0
GET

执行结果：{"openid":"ZjMyMzIwNDF8YWUzMzI1","is_subscriber":0,"from_pc":1,"civetno":"F3232041","realname":"邱喜威","sex":"男","nickname":"伊泽瑞","area":"贝宁","sign":"这只是个开始","icon":"http://qacivetinterface.foxconn.com/Open/userIcon/F3232041","serviceno":"Civet_UserAPIMg","support_civet_no":null,"hrtype":"","unit":"","bg":"软件研发","bu":"","access_token":"GWSAn%2bZw0fZjCgBmxuXCOQ%3d%3d","expires_in":3599}
=============================================
17:26:42.895
http://qacivetinterface.foxconn.com/Open/get_user_info_bycode?appid=72weojkeRm09AG1umrN4vA2&code=93987FXGqk5MLHLDRVVpCp3K90-3e2r9oPoLPiJsTdybH8-01&NSDK_1.1.0
GET

执行结果：{"openid":"ZjMyMzIwNDF8YWUzMzI1","is_subscriber":0,"from_pc":1,"civetno":"F3232041","realname":"邱喜威","sex":"男","nickname":"伊泽瑞","area":"贝宁","sign":"这只是个开始","icon":"http://qacivetinterface.foxconn.com/Open/userIcon/F3232041","serviceno":"Civet_UserAPIMg","support_civet_no":null,"hrtype":"","unit":"","bg":"软件研发","bu":"","access_token":"TjFAJHMDssDJvwAmTNhXFw%3d%3d","expires_in":3599}
=============================================
