14:20:46.087
http://qacivetinterface.foxconn.com/Open/get_user_info_bycode?appid=pom4V9GlU-L8Gkv53qqtmA2&code=35c8bV6OJHT-3GTTHyvzfg6sxFpHkt4oUQeEfL4yO7XMu6BE1&NSDK_1.1.0
GET

执行结果：{"openid":"ZjMyMTg0NjZ8NmU0OTc1","is_subscriber":1,"from_pc":1,"civetno":"F3218466","realname":"刘晓飞","sex":"男","nickname":"刘晓飞","area":"广东深圳","sign":"这再惰也会留下个性签名的。","icon":"http://qacivetinterface.foxconn.com/Open/userIcon/F3218466","serviceno":"ReleaseList","support_civet_no":null,"hrtype":"","unit":"","bg":"PDSS","bu":""}
=============================================
14:34:07.534
http://qacivetinterface.foxconn.com/Open/get_user_info_bycode?appid=pom4V9GlU-L8Gkv53qqtmA2&code=3b0744x2q6IpJrTd8dGXuRK5MvGy4gmc4hE_WcAbrcq8hTok1&NSDK_1.1.0
GET

执行结果：{"openid":"ZjMyMTg0NjZ8NmU0OTc1","is_subscriber":1,"from_pc":1,"civetno":"F3218466","realname":"刘晓飞","sex":"男","nickname":"刘晓飞","area":"广东深圳","sign":"这再惰也会留下个性签名的。","icon":"http://qacivetinterface.foxconn.com/Open/userIcon/F3218466","serviceno":"ReleaseList","support_civet_no":null,"hrtype":"","unit":"","bg":"PDSS","bu":""}
=============================================
14:35:12.638
http://qacivetinterface.foxconn.com/Open/get_user_info_bycode?appid=pom4V9GlU-L8Gkv53qqtmA2&code=cae8b_OMixuvwtxXsmY8oljp_wxy-DMWy-8AqWYMxm3pJDqE1&NSDK_1.1.0
GET

执行结果：{"openid":"ZjMyMTg0NjZ8NmU0OTc1","is_subscriber":1,"from_pc":1,"civetno":"F3218466","realname":"刘晓飞","sex":"男","nickname":"刘晓飞","area":"广东深圳","sign":"这再惰也会留下个性签名的。","icon":"http://qacivetinterface.foxconn.com/Open/userIcon/F3218466","serviceno":"ReleaseList","support_civet_no":null,"hrtype":"","unit":"","bg":"PDSS","bu":""}
=============================================
14:38:30.354
http://qacivetinterface.foxconn.com/Open/get_user_info_bycode?appid=pom4V9GlU-L8Gkv53qqtmA2&code=e68dfPU91MoBNL0J4z5z-tHOwgDw1OI7HHXZfEin_TPp2jEw1&NSDK_1.1.0
GET

执行结果：{"openid":"ZjMyMTg0NjZ8NmU0OTc1","is_subscriber":1,"from_pc":1,"civetno":"F3218466","realname":"刘晓飞","sex":"男","nickname":"刘晓飞","area":"广东深圳","sign":"这再惰也会留下个性签名的。","icon":"http://qacivetinterface.foxconn.com/Open/userIcon/F3218466","serviceno":"ReleaseList","support_civet_no":null,"hrtype":"","unit":"","bg":"PDSS","bu":""}
=============================================
