16:34:06.195
http://qacivetinterface.foxconn.com/Open/get_user_info_bycode?appid=pom4V9GlU-L8Gkv53qqtmA2&code=4dd25xNxv0jPet_s01EIR7QQf3xZsbYhzXHQfggn2sbHf2OU1&NSDK_1.1.0
GET

执行结果：{"openid":"ZjMyMTg0NjZ8NmU0OTc1","is_subscriber":1,"from_pc":1,"civetno":"F3218466","realname":"刘晓飞","sex":"男","nickname":"刘晓飞","area":"广东深圳","sign":"这再惰也会留下个性签名的。","icon":"http://qacivetinterface.foxconn.com/Open/userIcon/F3218466","serviceno":"ReleaseList","support_civet_no":null,"hrtype":"","unit":"","bg":"PDSS","bu":""}
=============================================
16:37:08.847
http://qacivetinterface.foxconn.com/Open/get_user_info_bycode?appid=pom4V9GlU-L8Gkv53qqtmA2&code=0b76fDLJA5A6tkrzsg88BKSa7lJCYXve0AY3ybTb2GiA7jz41&NSDK_1.1.0
GET

执行结果：{"openid":"ZjMyMTg0NjZ8NmU0OTc1","is_subscriber":1,"from_pc":1,"civetno":"F3218466","realname":"刘晓飞","sex":"男","nickname":"刘晓飞","area":"广东深圳","sign":"这再惰也会留下个性签名的。","icon":"http://qacivetinterface.foxconn.com/Open/userIcon/F3218466","serviceno":"ReleaseList","support_civet_no":null,"hrtype":"","unit":"","bg":"PDSS","bu":""}
=============================================
16:37:24.792
http://qacivetinterface.foxconn.com/Open/get_user_info_bycode?appid=pom4V9GlU-L8Gkv53qqtmA2&code=e0672xRrVKkWugrL9D5r8OCnS6Y7TQpgtRR55ZHGEvfdFp0c1&NSDK_1.1.0
GET

执行结果：{"openid":"ZjMyMTg0NjZ8NmU0OTc1","is_subscriber":1,"from_pc":1,"civetno":"F3218466","realname":"刘晓飞","sex":"男","nickname":"刘晓飞","area":"广东深圳","sign":"这再惰也会留下个性签名的。","icon":"http://qacivetinterface.foxconn.com/Open/userIcon/F3218466","serviceno":"ReleaseList","support_civet_no":null,"hrtype":"","unit":"","bg":"PDSS","bu":""}
=============================================
16:40:19.086
http://qacivetinterface.foxconn.com/Open/get_user_info_bycode?appid=pom4V9GlU-L8Gkv53qqtmA2&code=150634_QoYXkzTGniTfCKU3RVTORLlS1B1DBsWJ9jAokDNng1&NSDK_1.1.0
GET

执行结果：{"openid":"ZjMyMTg0NjZ8NmU0OTc1","is_subscriber":1,"from_pc":1,"civetno":"F3218466","realname":"刘晓飞","sex":"男","nickname":"刘晓飞","area":"广东深圳","sign":"这再惰也会留下个性签名的。","icon":"http://qacivetinterface.foxconn.com/Open/userIcon/F3218466","serviceno":"ReleaseList","support_civet_no":null,"hrtype":"","unit":"","bg":"PDSS","bu":""}
=============================================
16:41:27.706
http://qacivetinterface.foxconn.com/Open/get_user_info_bycode?appid=pom4V9GlU-L8Gkv53qqtmA2&code=605bbKKbSgLNVzZ8kxIm9RGczesRWkhosREDQIx0hlZMNEVs1&NSDK_1.1.0
GET

执行结果：{"openid":"ZjMyMTg0NjZ8NmU0OTc1","is_subscriber":1,"from_pc":1,"civetno":"F3218466","realname":"刘晓飞","sex":"男","nickname":"刘晓飞","area":"广东深圳","sign":"这再惰也会留下个性签名的。","icon":"http://qacivetinterface.foxconn.com/Open/userIcon/F3218466","serviceno":"ReleaseList","support_civet_no":null,"hrtype":"","unit":"","bg":"PDSS","bu":""}
=============================================
16:54:45.604
http://qacivetinterface.foxconn.com/Open/get_user_info_bycode?appid=pom4V9GlU-L8Gkv53qqtmA2&code=a1437C2D34Y4RqRf4VCnRjFzsm99xdYRFhz7Qk6YPDnA_Q5I1&NSDK_1.1.0
GET

执行结果：{"openid":"ZjMyMTg0NjZ8NmU0OTc1","is_subscriber":1,"from_pc":1,"civetno":"F3218466","realname":"刘晓飞","sex":"男","nickname":"刘晓飞","area":"广东深圳","sign":"这再惰也会留下个性签名的。","icon":"http://qacivetinterface.foxconn.com/Open/userIcon/F3218466","serviceno":"ReleaseList","support_civet_no":null,"hrtype":"","unit":"","bg":"PDSS","bu":""}
=============================================
17:06:04.280
http://qacivetinterface.foxconn.com/Open/get_user_info_bycode?appid=pom4V9GlU-L8Gkv53qqtmA2&code=81deblYlYADneK2d26O8GqRpkqRCTBpYVkipjDpxnPAHWgWw1&NSDK_1.1.0
GET

执行结果：{"openid":"ZjMyMTg0NjZ8NmU0OTc1","is_subscriber":1,"from_pc":1,"civetno":"F3218466","realname":"刘晓飞","sex":"男","nickname":"刘晓飞","area":"广东深圳","sign":"这再惰也会留下个性签名的。","icon":"http://qacivetinterface.foxconn.com/Open/userIcon/F3218466","serviceno":"ReleaseList","support_civet_no":null,"hrtype":"","unit":"","bg":"PDSS","bu":""}
=============================================
