16:38:40.477
http://qacivetinterface.foxconn.com/Open/get_user_info_bycode?appid=72weojkeRm09AG1umrN4vA2&code=&extend_fields=birthday&NSDK_1.170823
GET

执行结果：false
=============================================
16:39:06.697
http://qacivetinterface.foxconn.com/Open/get_user_info_bycode?appid=72weojkeRm09AG1umrN4vA2&code=&extend_fields=birthday&NSDK_1.170823
GET

执行结果：false
=============================================
16:40:19.622
http://qacivetinterface.foxconn.com/Open/get_user_info_bycode?appid=72weojkeRm09AG1umrN4vA2&code=&extend_fields=birthday&NSDK_1.170823
GET

执行结果：false
=============================================
16:42:22.860
http://qacivetinterface.foxconn.com/Open/get_user_info_bycode?appid=72weojkeRm09AG1umrN4vA2&code=&extend_fields=birthday&NSDK_1.170823
GET

执行结果：false
=============================================
16:50:47.454
http://qacivetinterface.foxconn.com/Open/get_user_info_bycode?appid=72weojkeRm09AG1umrN4vA2&code=&extend_fields=birthday&NSDK_1.170823
GET

执行结果：false
=============================================
16:50:47.530
http://qacivetinterface.foxconn.com/Open/get_user_info_bycode?appid=72weojkeRm09AG1umrN4vA2&code=&extend_fields=birthday&NSDK_1.170823
GET

执行结果：false
=============================================
16:50:47.746
http://qacivetinterface.foxconn.com/Open/get_user_info_bycode?appid=72weojkeRm09AG1umrN4vA2&code=&extend_fields=birthday&NSDK_1.170823
GET

执行结果：false
=============================================
16:52:53.716
http://qacivetinterface.foxconn.com/Open/get_user_info_bycode?appid=72weojkeRm09AG1umrN4vA2&code=&extend_fields=birthday&NSDK_1.170823
GET

执行结果：false
=============================================
16:56:11.307
http://qacivetinterface.foxconn.com/Open/get_user_info_bycode?appid=LznNo6l-6CTTUZGJC6rylw2&code=&extend_fields=birthday&NSDK_1.170823
GET

执行结果：false
=============================================
16:57:14.463
http://qacivetinterface.foxconn.com/Open/get_user_info_bycode?appid=LznNo6l-6CTTUZGJC6rylw2&code=&extend_fields=birthday&NSDK_1.170823
GET

执行结果：false
=============================================
16:59:48.104
http://qacivetinterface.foxconn.com/Open/get_user_info_bycode?appid=LznNo6l-6CTTUZGJC6rylw2&code=&extend_fields=birthday&NSDK_1.170823
GET

执行结果：false
=============================================
17:01:20.527
http://qacivetinterface.foxconn.com/Open/get_user_info_bycode?appid=LznNo6l-6CTTUZGJC6rylw2&code=7c4002_NzwFy_QdoNaWwmGgLSTIxi86nkr1CtUcb2EJ_luJA1&NSDK_1.170823
GET

执行结果：{"openid":"ZjMyMzIwNDF8NGVjNzY1","is_subscriber":1,"from_pc":1,"civetno":"F3232041","realname":"邱喜威","sex":"男","nickname":"CellVail","area":"龍華","sign":"(ง •̀_•́)ง","icon":"http://qaicivetmedia.foxconn.com/group1/M00/15/EC/CoaWY1i-aDGEcF6oAAAAAIOsKPo788.jpg","serviceno":"civetdeve","support_civet_no":null,"hrtype":"CN","unit":"J","bg":"總部周邊","bu":"工管資訊","grade":"資訊系統作業","grade_depart":"資訊科技","access_token":"VHFmO56d0S12LDc%2f3sGxTw%3d%3d","expires_in":3599}
=============================================
