08:45:44.018
http://localhost:25944/Open/get_user_info_bycode?appid=72weojkeRm09AG1umrN4vA2&code=0014eCj7Z3hFDImd5HytWd_I0RU70nPjMLxFRbPUXOnsiHxA1&NSDK_1.1.0
GET

执行结果：{"openid":"ZjMyMzIwNDF8YWUzMzI1","is_subscriber":0,"from_pc":1,"civetno":"F3232041","realname":"邱喜威","sex":"男","nickname":"伊泽瑞","area":"贝宁","sign":"这只是个开始","icon":"http://localhost:25944/Open/userIcon/F3232041","serviceno":"Civet_UserAPIMg","support_civet_no":null,"hrtype":"","unit":"","bg":"软件研发","bu":"","access_token":"4%2bDrp7fG05O6r6wxWCLAvg%3d%3d","expires_in":3599}
=============================================
08:49:25.728
http://localhost:25944/Open/get_user_info_bycode?appid=72weojkeRm09AG1umrN4vA2&code=f3ac03F0O6mSI9Qx9U7TRFr8cGpJBicZDYQL0oIY4tBOTvEA1&NSDK_1.1.0
GET

执行结果：{"openid":"ZjMyMzQxMTl8YmRmOTk1","is_subscriber":0,"from_pc":1,"civetno":"f3234119","realname":"f3234119","sex":"女","nickname":"f3234119","area":"~广东深圳~","sign":"没有签名信息","icon":"http://localhost:25944/Open/userIcon/f3234119","serviceno":"Civet_UserAPIMg","support_civet_no":null,"hrtype":null,"unit":null,"bg":null,"bu":null,"access_token":"4%2bDrp7fG05NbEAjlbI03dA%3d%3d","expires_in":3599}
=============================================
08:54:18.448
http://localhost:25944/Open/get_user_info_bycode?appid=72weojkeRm09AG1umrN4vA2&code=3bc37KyB06QEHj0IfmVzZRTc1qjmW0xpcOLQAhLzH_BQcw4o1&NSDK_1.1.0
GET

执行结果：{"openid":"ZjMyMTg0NjZ8ZWNjZTg1","is_subscriber":0,"from_pc":1,"civetno":"F3218466","realname":"刘晓飞","sex":"男","nickname":"刘晓飞","area":"广东深圳","sign":"这再惰也会留下个性签名的。","icon":"http://localhost:25944/Open/userIcon/F3218466","serviceno":"Civet_UserAPIMg","support_civet_no":null,"hrtype":"","unit":"","bg":"PDSS","bu":"","access_token":"4%2bDrp7fG05NrpNzJaiC9Zg%3d%3d","expires_in":3599}
=============================================
08:57:25.817
http://localhost:25944/Open/get_user_info_bycode?appid=72weojkeRm09AG1umrN4vA2&code=61878siLjb8t7mw9ZKmtzE6ylurHsDlpRGtvFvhgQaTT3nkA1&NSDK_1.1.0
GET

执行结果：{"openid":"ZjMyMTg0NjZ8ZWNjZTg1","is_subscriber":0,"from_pc":1,"civetno":"F3218466","realname":"刘晓飞","sex":"男","nickname":"刘晓飞","area":"广东深圳","sign":"这再惰也会留下个性签名的。","icon":"http://localhost:25944/Open/userIcon/F3218466","serviceno":"Civet_UserAPIMg","support_civet_no":null,"hrtype":"","unit":"","bg":"PDSS","bu":"","access_token":"44ZG5%2fUCFtVYJ5TKGJgwDw%3d%3d","expires_in":3599}
=============================================
09:00:09.756
http://localhost:25944/Open/get_user_info_bycode?appid=72weojkeRm09AG1umrN4vA2&code=9daf8DAyIJiSNoZ5RZd7qzQu3zqSS4qgvW9kQS4pUpNGsOXg1&NSDK_1.1.0
GET

执行结果：{"openid":"ZjMyMzQxMTl8YmRmOTk1","is_subscriber":0,"from_pc":1,"civetno":"f3234119","realname":"f3234119","sex":"女","nickname":"f3234119","area":"~广东深圳~","sign":"没有签名信息","icon":"http://localhost:25944/Open/userIcon/f3234119","serviceno":"Civet_UserAPIMg","support_civet_no":null,"hrtype":null,"unit":null,"bg":null,"bu":null,"access_token":"44ZG5%2fUCFtXbnTxLTirYgw%3d%3d","expires_in":3599}
=============================================
09:05:31.688
http://localhost:25944/Open/get_user_info_bycode?appid=72weojkeRm09AG1umrN4vA2&code=0759f18_XRqtdPwzJikpr5ssquXndXV-D-Ac6L4mTFEOFrsA1&NSDK_1.1.0
GET

执行结果：{"openid":"ZjMyMTg0NjZ8ZWNjZTg1","is_subscriber":0,"from_pc":1,"civetno":"F3218466","realname":"刘晓飞","sex":"男","nickname":"刘晓飞","area":"广东深圳","sign":"这再惰也会留下个性签名的。","icon":"http://localhost:25944/Open/userIcon/F3218466","serviceno":"Civet_UserAPIMg","support_civet_no":null,"hrtype":"","unit":"","bg":"PDSS","bu":"","access_token":"44ZG5%2fUCFtUNOFeoFwNbSQ%3d%3d","expires_in":3599}
=============================================
09:09:30.147
http://localhost:25944/Open/get_user_info_bycode?appid=72weojkeRm09AG1umrN4vA2&code=404b6NlM0eb0jUewXs1ngmTHePmg93OMn3qlFf-tf8i6a6981&NSDK_1.1.0
GET

执行结果：{"openid":"ZjMyMzQxMTl8YmRmOTk1","is_subscriber":0,"from_pc":1,"civetno":"f3234119","realname":"f3234119","sex":"女","nickname":"f3234119","area":"~广东深圳~","sign":"没有签名信息","icon":"http://localhost:25944/Open/userIcon/f3234119","serviceno":"Civet_UserAPIMg","support_civet_no":null,"hrtype":null,"unit":null,"bg":null,"bu":null,"access_token":"44ZG5%2fUCFtXsg8xpZNQkcg%3d%3d","expires_in":3599}
=============================================
09:29:38.510
http://localhost:25944/Open/get_user_info_bycode?appid=72weojkeRm09AG1umrN4vA2&code=2cb6bmo8GozsTLuse0yUGqF9pgKx48zCdg19UxbfdS_f8e1U1&NSDK_1.1.0
GET

执行结果：{"openid":"ZjMyMzQxMTl8YmRmOTk1","is_subscriber":0,"from_pc":1,"civetno":"f3234119","realname":"f3234119","sex":"女","nickname":"f3234119","area":"~广东深圳~","sign":"没有签名信息","icon":"http://localhost:25944/Open/userIcon/f3234119","serviceno":"Civet_UserAPIMg","support_civet_no":null,"hrtype":null,"unit":null,"bg":null,"bu":null,"access_token":"JAcsQ5VXLLDf6uPNU5Hc0Q%3d%3d","expires_in":3599}
=============================================
09:42:14.382
http://localhost:25944/Open/get_user_info_bycode?appid=72weojkeRm09AG1umrN4vA2&code=0edff5xfIpR1KFiXokMi8zTFBDDRVQe_1uM-2J-SRHr4GirI1&NSDK_1.1.0
GET

执行结果：{"openid":"ZjMyMzQxMTl8YmRmOTk1","is_subscriber":0,"from_pc":1,"civetno":"f3234119","realname":"f3234119","sex":"女","nickname":"f3234119","area":"~广东深圳~","sign":"没有签名信息","icon":"http://localhost:25944/Open/userIcon/f3234119","serviceno":"Civet_UserAPIMg","support_civet_no":null,"hrtype":null,"unit":null,"bg":null,"bu":null,"access_token":"p4qZWazVwswuTdvU0vZhYg%3d%3d","expires_in":3599}
=============================================
10:00:12.503
http://localhost:25944/Open/get_user_info_bycode?appid=72weojkeRm09AG1umrN4vA2&code=e769bMiJRW-_X6QGjsyNJi0QjsRxvekhZzf0TIKCLysa0LPg1&NSDK_1.1.0
GET

执行结果：{"openid":"ZjMyMzQxMTl8YmRmOTk1","is_subscriber":0,"from_pc":1,"civetno":"f3234119","realname":"f3234119","sex":"女","nickname":"f3234119","area":"~广东深圳~","sign":"没有签名信息","icon":"http://localhost:25944/Open/userIcon/f3234119","serviceno":"Civet_UserAPIMg","support_civet_no":null,"hrtype":null,"unit":null,"bg":null,"bu":null,"access_token":"VTsroGWb9pZBzEu1h8lhxQ%3d%3d","expires_in":3599}
=============================================
10:16:04.672
http://localhost:25944/Open/get_user_info_bycode?appid=72weojkeRm09AG1umrN4vA2&code=17ce6Jksj6cX1suWqtF9A0EEL6-Y8ROXXW3cvUsBu1SdwqUY1&NSDK_1.1.0
GET

执行结果：{"openid":"ZjMyMzQxMTl8YmRmOTk1","is_subscriber":0,"from_pc":1,"civetno":"f3234119","realname":"f3234119","sex":"女","nickname":"f3234119","area":"~广东深圳~","sign":"没有签名信息","icon":"http://localhost:25944/Open/userIcon/f3234119","serviceno":"Civet_UserAPIMg","support_civet_no":null,"hrtype":null,"unit":null,"bg":null,"bu":null,"access_token":"qs%2fJ6sSfCC7muJQlLO92gQ%3d%3d","expires_in":3599}
=============================================
11:01:51.974
http://localhost:25944/Open/get_user_info_bycode?appid=72weojkeRm09AG1umrN4vA2&code=c4e1fEc8zKPn1Dxal9lM5CYQiBpKKwauHjz8-LwYw3QTwVQc1&NSDK_1.1.0
GET

执行结果：{"openid":"ZjMyMzQxMTl8YmRmOTk1","is_subscriber":0,"from_pc":1,"civetno":"f3234119","realname":"f3234119","sex":"女","nickname":"f3234119","area":"~广东深圳~","sign":"没有签名信息","icon":"http://localhost:25944/Open/userIcon/f3234119","serviceno":"Civet_UserAPIMg","support_civet_no":null,"hrtype":null,"unit":null,"bg":null,"bu":null,"access_token":"e%2bhWmMLpyEtAUimCsRWlsw%3d%3d","expires_in":3599}
=============================================
13:49:26.103
http://localhost:25944/Open/get_user_info_bycode?appid=72weojkeRm09AG1umrN4vA2&code=051fb6bbIPYY-UYH9QVYTBIXX9sRWh5Ya4ajBmsfwZ_X-Lyk1&NSDK_1.1.0
GET

执行结果：{"openid":"ZjMyMzIwNDF8YWUzMzI1","is_subscriber":0,"from_pc":1,"civetno":"F3232041","realname":"邱喜威","sex":"男","nickname":"伊泽瑞","area":"贝宁","sign":"这只是个开始","icon":"http://localhost:25944/Open/userIcon/F3232041","serviceno":"Civet_UserAPIMg","support_civet_no":null,"hrtype":"","unit":"","bg":"软件研发","bu":"","access_token":"dWSmHvlKL6DmD08vnLRVHA%3d%3d","expires_in":3599}
=============================================
14:23:02.762
http://localhost:25944/Open/get_user_info_bycode?appid=72weojkeRm09AG1umrN4vA2&code=da1d6A5cftlRTMPmHAXqUXUdBsEyy4mnOQVsYUO31ouSLwhI1&NSDK_1.1.0
GET

执行结果：{"openid":"ZjMyMTg0NjZ8ZWNjZTg1","is_subscriber":0,"from_pc":1,"civetno":"F3218466","realname":"刘晓飞","sex":"男","nickname":"刘晓飞","area":"广东深圳","sign":"这再惰也会留下个性签名的。","icon":"http://localhost:25944/Open/userIcon/F3218466","serviceno":"Civet_UserAPIMg","support_civet_no":null,"hrtype":"","unit":"","bg":"PDSS","bu":"","access_token":"Tlaa1%2b6DalcjXP%2bJfHrLlg%3d%3d","expires_in":3599}
=============================================
14:34:25.576
http://localhost:25944/Open/get_user_info_bycode?appid=72weojkeRm09AG1umrN4vA2&code=9e7bdDcxvEHCPHpT9HPXqXbMTegVri7_chtY8HmQcCcLBUkc1&NSDK_1.1.0
GET

执行结果：{"openid":"ZjMyMzQxMTl8YmRmOTk1","is_subscriber":0,"from_pc":1,"civetno":"f3234119","realname":"f3234119","sex":"女","nickname":"f3234119","area":"~广东深圳~","sign":"没有签名信息","icon":"http://localhost:25944/Open/userIcon/f3234119","serviceno":"Civet_UserAPIMg","support_civet_no":null,"hrtype":null,"unit":null,"bg":null,"bu":null,"access_token":"jVFkdCaHuJQW8u8yLnPo9A%3d%3d","expires_in":3599}
=============================================
14:39:14.320
http://localhost:25944/Open/get_user_info_bycode?appid=72weojkeRm09AG1umrN4vA2&code=d40f6PmFzaQ4VcmXGEWVGqBgmoBm9wbAnL1O5EkUUTT5lmRI1&NSDK_1.1.0
GET

执行结果：{"openid":"ZjMyMzQxMTl8YmRmOTk1","is_subscriber":0,"from_pc":1,"civetno":"f3234119","realname":"f3234119","sex":"女","nickname":"f3234119","area":"~广东深圳~","sign":"没有签名信息","icon":"http://localhost:25944/Open/userIcon/f3234119","serviceno":"Civet_UserAPIMg","support_civet_no":null,"hrtype":null,"unit":null,"bg":null,"bu":null,"access_token":"jVFkdCaHuJT%2bQdj2hW3Cag%3d%3d","expires_in":3599}
=============================================
14:46:30.993
http://localhost:25944/Open/get_user_info_bycode?appid=72weojkeRm09AG1umrN4vA2&code=68493cpunJRQ9cxTgLIeSt3dZ11sLmZ0vGOrLQnCQ4zhK3kc1&NSDK_1.1.0
GET

执行结果：{"openid":"ZjMyMzQxMTl8YmRmOTk1","is_subscriber":0,"from_pc":1,"civetno":"f3234119","realname":"f3234119","sex":"女","nickname":"f3234119","area":"~广东深圳~","sign":"没有签名信息","icon":"http://localhost:25944/Open/userIcon/f3234119","serviceno":"Civet_UserAPIMg","support_civet_no":null,"hrtype":null,"unit":null,"bg":null,"bu":null,"access_token":"jVFkdCaHuJS5Y2vhfqOlFw%3d%3d","expires_in":3599}
=============================================
15:00:19.014
http://localhost:25944/Open/get_user_info_bycode?appid=72weojkeRm09AG1umrN4vA2&code=9d9f0gzBFSYAw00vxkVCksomgv3Xdl-AnNREC5Vsx3UUjjvI1&NSDK_1.1.0
GET

执行结果：{"openid":"ZjMyMTg0NjZ8ZWNjZTg1","is_subscriber":0,"from_pc":1,"civetno":"F3218466","realname":"刘晓飞","sex":"男","nickname":"刘晓飞","area":"广东深圳","sign":"这再惰也会留下个性签名的。","icon":"http://localhost:25944/Open/userIcon/F3218466","serviceno":"Civet_UserAPIMg","support_civet_no":null,"hrtype":"","unit":"","bg":"PDSS","bu":"","access_token":"k8L6l9fKbuoe%2bwOlJ1bE9A%3d%3d","expires_in":3599}
=============================================
15:04:38.984
http://localhost:25944/Open/get_user_info_bycode?appid=72weojkeRm09AG1umrN4vA2&code=be2e65FrbSFujyg8AzKIDM1XH7E2hGAl3UOvuzDPHc0cnN0c1&NSDK_1.1.0
GET

执行结果：{"openid":"ZjMyMTg0NjZ8ZWNjZTg1","is_subscriber":0,"from_pc":1,"civetno":"F3218466","realname":"刘晓飞","sex":"男","nickname":"刘晓飞","area":"广东深圳","sign":"这再惰也会留下个性签名的。","icon":"http://localhost:25944/Open/userIcon/F3218466","serviceno":"Civet_UserAPIMg","support_civet_no":null,"hrtype":"","unit":"","bg":"PDSS","bu":"","access_token":"vJY5HIFX1WveEw70gRWRYg%3d%3d","expires_in":3599}
=============================================
15:05:56.382
http://localhost:25944/Open/get_user_info_bycode?appid=72weojkeRm09AG1umrN4vA2&code=abacfYkk_JHEgevdisArlSYSLb-u2om0_AIzR-YZt061h2L81&NSDK_1.1.0
GET

执行结果：{"openid":"ZjMyMTg0NjZ8ZWNjZTg1","is_subscriber":0,"from_pc":1,"civetno":"F3218466","realname":"刘晓飞","sex":"男","nickname":"刘晓飞","area":"广东深圳","sign":"这再惰也会留下个性签名的。","icon":"http://localhost:25944/Open/userIcon/F3218466","serviceno":"Civet_UserAPIMg","support_civet_no":null,"hrtype":"","unit":"","bg":"PDSS","bu":"","access_token":"vJY5HIFX1WvMdbiGgqbAZg%3d%3d","expires_in":3599}
=============================================
15:07:49.901
http://localhost:25944/Open/get_user_info_bycode?appid=72weojkeRm09AG1umrN4vA2&code=8a4c7Br536VWZdaN0hsvniI53YjRerOygt36eWZKu7mqfp6k1&NSDK_1.1.0
GET

执行结果：{"openid":"ZjMyMTg0NjZ8ZWNjZTg1","is_subscriber":0,"from_pc":1,"civetno":"F3218466","realname":"刘晓飞","sex":"男","nickname":"刘晓飞","area":"广东深圳","sign":"这再惰也会留下个性签名的。","icon":"http://localhost:25944/Open/userIcon/F3218466","serviceno":"Civet_UserAPIMg","support_civet_no":null,"hrtype":"","unit":"","bg":"PDSS","bu":"","access_token":"vJY5HIFX1WsiPVMSDP2Aeg%3d%3d","expires_in":3599}
=============================================
15:08:38.169
http://localhost:25944/Open/get_user_info_bycode?appid=72weojkeRm09AG1umrN4vA2&code=7a3a2MHpDgCuO_EttzkQUi649BfNTVzWW_Tb-JpqwkBM4-rc1&NSDK_1.1.0
GET

执行结果：{"openid":"ZjMyMTg0NjZ8ZWNjZTg1","is_subscriber":0,"from_pc":1,"civetno":"F3218466","realname":"刘晓飞","sex":"男","nickname":"刘晓飞","area":"广东深圳","sign":"这再惰也会留下个性签名的。","icon":"http://localhost:25944/Open/userIcon/F3218466","serviceno":"Civet_UserAPIMg","support_civet_no":null,"hrtype":"","unit":"","bg":"PDSS","bu":"","access_token":"vJY5HIFX1WswQxVUeMBB5g%3d%3d","expires_in":3599}
=============================================
15:09:22.541
http://localhost:25944/Open/get_user_info_bycode?appid=72weojkeRm09AG1umrN4vA2&code=28317OWcyWbxhbn-wJv6o-I70QbXSZ7BgCMKXH4EivtuYN201&NSDK_1.1.0
GET

执行结果：{"openid":"ZjMyMTg0NjZ8ZWNjZTg1","is_subscriber":0,"from_pc":1,"civetno":"F3218466","realname":"刘晓飞","sex":"男","nickname":"刘晓飞","area":"广东深圳","sign":"这再惰也会留下个性签名的。","icon":"http://localhost:25944/Open/userIcon/F3218466","serviceno":"Civet_UserAPIMg","support_civet_no":null,"hrtype":"","unit":"","bg":"PDSS","bu":"","access_token":"vJY5HIFX1WtvV5IZr11FRg%3d%3d","expires_in":3599}
=============================================
15:10:19.041
http://localhost:25944/Open/get_user_info_bycode?appid=72weojkeRm09AG1umrN4vA2&code=154303O1ERBKtSi7gseJJN-ffT_K-308v-Urdf1Qa1vMZi5g1&NSDK_1.1.0
GET

执行结果：{"openid":"ZjMyMTg0NjZ8ZWNjZTg1","is_subscriber":0,"from_pc":1,"civetno":"F3218466","realname":"刘晓飞","sex":"男","nickname":"刘晓飞","area":"广东深圳","sign":"这再惰也会留下个性签名的。","icon":"http://localhost:25944/Open/userIcon/F3218466","serviceno":"Civet_UserAPIMg","support_civet_no":null,"hrtype":"","unit":"","bg":"PDSS","bu":"","access_token":"vJY5HIFX1Wu5mNVB%2blGv3Q%3d%3d","expires_in":3599}
=============================================
15:13:33.870
http://localhost:25944/Open/get_user_info_bycode?appid=72weojkeRm09AG1umrN4vA2&code=bba61f3idnpp1XdXWvmuMU0i4xrqT4Ej6YnI83b2ZuOb0EGM1&NSDK_1.1.0
GET

执行结果：{"openid":"ZjMyMzQxMTl8YmRmOTk1","is_subscriber":0,"from_pc":1,"civetno":"f3234119","realname":"f3234119","sex":"女","nickname":"f3234119","area":"~广东深圳~","sign":"没有签名信息","icon":"http://localhost:25944/Open/userIcon/f3234119","serviceno":"Civet_UserAPIMg","support_civet_no":null,"hrtype":null,"unit":null,"bg":null,"bu":null,"access_token":"vJY5HIFX1WuIMNAWHkn93Q%3d%3d","expires_in":3599}
=============================================
15:14:27.948
http://localhost:25944/Open/get_user_info_bycode?appid=72weojkeRm09AG1umrN4vA2&code=bb2c0rdDbbhIa0H1C5xyDnai_O4k36MO6bMxxi60Q7mXgbYY1&NSDK_1.1.0
GET

执行结果：{"openid":"ZjMyMzQxMTl8YmRmOTk1","is_subscriber":0,"from_pc":1,"civetno":"f3234119","realname":"f3234119","sex":"女","nickname":"f3234119","area":"~广东深圳~","sign":"没有签名信息","icon":"http://localhost:25944/Open/userIcon/f3234119","serviceno":"Civet_UserAPIMg","support_civet_no":null,"hrtype":null,"unit":null,"bg":null,"bu":null,"access_token":"vJY5HIFX1Wvbv3toISZ1sQ%3d%3d","expires_in":3599}
=============================================
15:14:28.136
http://localhost:25944/Open/get_user_info_bycode?appid=72weojkeRm09AG1umrN4vA2&code=bd1d6ZtZjW5PTf0dfpKP-8XJ2zy1tKcM8cWcZ8V-Q8PQIOoI1&NSDK_1.1.0
GET

执行结果：{"openid":"ZjMyMzQxMTl8YmRmOTk1","is_subscriber":0,"from_pc":1,"civetno":"f3234119","realname":"f3234119","sex":"女","nickname":"f3234119","area":"~广东深圳~","sign":"没有签名信息","icon":"http://localhost:25944/Open/userIcon/f3234119","serviceno":"Civet_UserAPIMg","support_civet_no":null,"hrtype":null,"unit":null,"bg":null,"bu":null,"access_token":"vJY5HIFX1WuGfQwxurw8LQ%3d%3d","expires_in":3599}
=============================================
15:15:16.556
http://localhost:25944/Open/get_user_info_bycode?appid=72weojkeRm09AG1umrN4vA2&code=7b29cItPSGtSjOvvv5EZ-xd8XSgUPW2uPC7IFl3anHfq6x6o1&NSDK_1.1.0
GET

执行结果：{"openid":"ZjMyMTg0NjZ8ZWNjZTg1","is_subscriber":0,"from_pc":1,"civetno":"F3218466","realname":"刘晓飞","sex":"男","nickname":"刘晓飞","area":"广东深圳","sign":"这再惰也会留下个性签名的。","icon":"http://localhost:25944/Open/userIcon/F3218466","serviceno":"Civet_UserAPIMg","support_civet_no":null,"hrtype":"","unit":"","bg":"PDSS","bu":"","access_token":"vJY5HIFX1WtKzAarJ5cCjw%3d%3d","expires_in":3599}
=============================================
15:19:43.600
http://localhost:25944/Open/get_user_info_bycode?appid=72weojkeRm09AG1umrN4vA2&code=d1af7ihxPnRi5g1KkbG6P2ueiShPGHEE4TSKl4DTPSvl3nR41&NSDK_1.1.0
GET

执行结果：{"openid":"ZjMyMTg0NjZ8ZWNjZTg1","is_subscriber":0,"from_pc":1,"civetno":"F3218466","realname":"刘晓飞","sex":"男","nickname":"刘晓飞","area":"广东深圳","sign":"这再惰也会留下个性签名的。","icon":"http://localhost:25944/Open/userIcon/F3218466","serviceno":"Civet_UserAPIMg","support_civet_no":null,"hrtype":"","unit":"","bg":"PDSS","bu":"","access_token":"vJY5HIFX1WtvNhBI3xoA3w%3d%3d","expires_in":3599}
=============================================
15:38:56.098
http://localhost:25944/Open/get_user_info_bycode?appid=72weojkeRm09AG1umrN4vA2&code=d79faDngBnS6VPMjRaGv4tQ62khgJudWxQpM2H2AlrTh40-81&NSDK_1.1.0
GET

执行结果：{"openid":"ZjMyMzQxMTl8YmRmOTk1","is_subscriber":0,"from_pc":1,"civetno":"f3234119","realname":"f3234119","sex":"女","nickname":"f3234119","area":"~广东深圳~","sign":"没有签名信息","icon":"http://localhost:25944/Open/userIcon/f3234119","serviceno":"Civet_UserAPIMg","support_civet_no":null,"hrtype":null,"unit":null,"bg":null,"bu":null,"access_token":"Vzs9Z3LLfvEqBWeEcD5%2fdA%3d%3d","expires_in":3598}
=============================================
16:08:12.517
http://localhost:25944/Open/get_user_info_bycode?appid=72weojkeRm09AG1umrN4vA2&code=a79bd1H6wxasIWLKYBnp9DraA9GvnGvGsJ87_a7UrKpyEohA1&NSDK_1.1.0
GET

执行结果：{"openid":"ZjMyMzQxMTl8YmRmOTk1","is_subscriber":0,"from_pc":1,"civetno":"f3234119","realname":"f3234119","sex":"女","nickname":"f3234119","area":"~广东深圳~","sign":"没有签名信息","icon":"http://localhost:25944/Open/userIcon/f3234119","serviceno":"Civet_UserAPIMg","support_civet_no":null,"hrtype":null,"unit":null,"bg":null,"bu":null,"access_token":"NCvYmj5H0CuYpN6Jhzre7A%3d%3d","expires_in":3599}
=============================================
16:36:42.983
http://localhost:25944/Open/get_user_info_bycode?appid=72weojkeRm09AG1umrN4vA2&code=bb28bOFdzzdNqQRNkiiXswBZB7QKEAqggo_e3SJLmkfNKj7Q1&NSDK_1.1.0
GET

执行结果：{"openid":"ZjMyMzQxMTl8YmRmOTk1","is_subscriber":0,"from_pc":1,"civetno":"f3234119","realname":"f3234119","sex":"女","nickname":"f3234119","area":"~广东深圳~","sign":"没有签名信息","icon":"http://localhost:25944/Open/userIcon/f3234119","serviceno":"Civet_UserAPIMg","support_civet_no":null,"hrtype":null,"unit":null,"bg":null,"bu":null,"access_token":"kFY5qgpnUSCtiW2JwVtoZw%3d%3d","expires_in":3599}
=============================================
16:37:49.013
http://localhost:25944/Open/get_user_info_bycode?appid=72weojkeRm09AG1umrN4vA2&code=ad6b4Ju4YDiQhrhBPPQmCpObZYmmSCuY-7joF7eSB5k0kBO01&NSDK_1.1.0
GET

执行结果：{"openid":"ZjMyMzQxMTl8YmRmOTk1","is_subscriber":0,"from_pc":1,"civetno":"f3234119","realname":"f3234119","sex":"女","nickname":"f3234119","area":"~广东深圳~","sign":"没有签名信息","icon":"http://localhost:25944/Open/userIcon/f3234119","serviceno":"Civet_UserAPIMg","support_civet_no":null,"hrtype":null,"unit":null,"bg":null,"bu":null,"access_token":"kFY5qgpnUSAgUdqODtv8Pg%3d%3d","expires_in":3599}
=============================================
16:41:20.022
http://qacivetinterface.foxconn.com/Open/get_user_info_bycode?appid=72weojkeRm09AG1umrN4vA2&code=ca508zaQRD_gpXL6aJOix_FdIxEZ6ndFFKiX0MVVkR_3ND9w1&NSDK_1.1.0
GET

执行结果：{"openid":"ZjMyMzIwNDF8YWUzMzI1","is_subscriber":0,"from_pc":1,"civetno":"F3232041","realname":"邱喜威","sex":"男","nickname":"伊泽瑞","area":"贝宁","sign":"这只是个开始","icon":"http://qacivetinterface.foxconn.com/Open/userIcon/F3232041","serviceno":"Civet_UserAPIMg","support_civet_no":null,"hrtype":"","unit":"","bg":"软件研发","bu":"","access_token":"kFY5qgpnUSAYBsaSjF35Lg%3d%3d","expires_in":3599}
=============================================
16:41:42.304
http://qacivetinterface.foxconn.com/Open/get_user_info_bycode?appid=72weojkeRm09AG1umrN4vA2&code=25902MRN75LPMlbc9msTBRY-5mBTfp2XrnnGq9oKvausz6Rc1&NSDK_1.1.0
GET

执行结果：{"openid":"ZjMyMzIwNDF8YWUzMzI1","is_subscriber":0,"from_pc":1,"civetno":"F3232041","realname":"邱喜威","sex":"男","nickname":"伊泽瑞","area":"贝宁","sign":"这只是个开始","icon":"http://qacivetinterface.foxconn.com/Open/userIcon/F3232041","serviceno":"Civet_UserAPIMg","support_civet_no":null,"hrtype":"","unit":"","bg":"软件研发","bu":"","access_token":"kFY5qgpnUSC6eM%2f2hkiMIQ%3d%3d","expires_in":3599}
=============================================
16:48:30.517
http://qacivetinterface.foxconn.com/Open/get_user_info_bycode?appid=72weojkeRm09AG1umrN4vA2&code=2ffbchiGL08mU9q6yatxYRKcqlcGlpaqdV0_mJRP7sD6ND7M1&NSDK_1.17054
GET

执行结果：{"openid":"ZjMyMzIwNDF8YWUzMzI1","is_subscriber":0,"from_pc":1,"civetno":"F3232041","realname":"邱喜威","sex":"男","nickname":"伊泽瑞","area":"贝宁","sign":"这只是个开始","icon":"http://qacivetinterface.foxconn.com/Open/userIcon/F3232041","serviceno":"Civet_UserAPIMg","support_civet_no":null,"hrtype":"","unit":"","bg":"软件研发","bu":"","access_token":"IgKt5OvmMrL0W5gCNqKhEQ%3d%3d","expires_in":3599}
=============================================
17:30:47.701
http://qacivetinterface.foxconn.com/Open/get_user_info_bycode?appid=72weojkeRm09AG1umrN4vA2&code=99bf4w7tpg8fGsfmEb2Q0jnxWVs2mVTq-cl21OgejhCr0FbI1&NSDK_1.17054
GET

执行结果：{"openid":"ZjMyMzIwNDF8YWUzMzI1","is_subscriber":0,"from_pc":1,"civetno":"F3232041","realname":"邱喜威","sex":"男","nickname":"伊泽瑞","area":"贝宁","sign":"这只是个开始","icon":"http://qacivetinterface.foxconn.com/Open/userIcon/F3232041","serviceno":"Civet_UserAPIMg","support_civet_no":null,"hrtype":"","unit":"","bg":"软件研发","bu":"","access_token":"wh0sDiTsMhQNboc6UhmUIA%3d%3d","expires_in":3599}
=============================================
17:30:55.134
http://qacivetinterface.foxconn.com/Open/get_user_info_bycode?appid=72weojkeRm09AG1umrN4vA2&code=ffb222Y0eu4_93iX2byr-K6rhkOoF8oTRrC4G6ZPbIzFm8Xc1&NSDK_1.17054
GET

执行结果：{"openid":"ZjMyMzIwNDF8YWUzMzI1","is_subscriber":0,"from_pc":1,"civetno":"F3232041","realname":"邱喜威","sex":"男","nickname":"伊泽瑞","area":"贝宁","sign":"这只是个开始","icon":"http://qacivetinterface.foxconn.com/Open/userIcon/F3232041","serviceno":"Civet_UserAPIMg","support_civet_no":null,"hrtype":"","unit":"","bg":"软件研发","bu":"","access_token":"wh0sDiTsMhStOyyuqSOewA%3d%3d","expires_in":3599}
=============================================
