08:49:54.515
http://qacivetinterface.foxconn.com/Open/get_user_info_bycode?appid=72weojkeRm09AG1umrN4vA2&code=10c412SssnaQFTZUymfUb8q32jOwjgf5ZY9leeRxAYtzOKzo1&NSDK_1.1.0
GET

执行结果：{"openid":"ZjMyMTg0NjZ8ZWNjZTg1","is_subscriber":0,"from_pc":1,"civetno":"F3218466","realname":"刘晓飞","sex":"男","nickname":"刘晓飞","area":"广东深圳","sign":"这再惰也会留下个性签名的。","icon":"http://qacivetinterface.foxconn.com/Open/userIcon/F3218466","serviceno":"Civet_UserAPIMg","support_civet_no":null,"hrtype":"","unit":"","bg":"PDSS","bu":"","access_token":"e1ht289O3hRQTW2IfpyQXA%3d%3d","expires_in":3599}
=============================================
09:32:09.567
http://qacivetinterface.foxconn.com/Open/get_user_info_bycode?appid=72weojkeRm09AG1umrN4vA2&code=a877cMFeTne4wI-nnGzzSkEmvIQLgZEz3EnFerLk__zvJJq01&NSDK_1.1.0
GET

执行结果：{"openid":"ZjMyMzIwNDF8YWUzMzI1","is_subscriber":0,"from_pc":1,"civetno":"F3232041","realname":"邱喜威","sex":"男","nickname":"伊泽瑞","area":"贝宁","sign":"这只是个开始","icon":"http://qacivetinterface.foxconn.com/Open/userIcon/F3232041","serviceno":"Civet_UserAPIMg","support_civet_no":null,"hrtype":"","unit":"","bg":"软件研发","bu":"","access_token":"09XcAg3k1ix6FUVvZetBnQ%3d%3d","expires_in":3599}
=============================================
09:47:00.268
http://qacivetinterface.foxconn.com/Open/get_user_info_bycode?appid=72weojkeRm09AG1umrN4vA2&code=2a595p86X2VzQRr8Q3NLzubsHw9Nfr_JYB5T4-H0wdK7DWRg1&NSDK_1.1.0
GET

执行结果：{"openid":"ZjMyMzIwNDF8YWUzMzI1","is_subscriber":0,"from_pc":1,"civetno":"F3232041","realname":"邱喜威","sex":"男","nickname":"伊泽瑞","area":"贝宁","sign":"这只是个开始","icon":"http://qacivetinterface.foxconn.com/Open/userIcon/F3232041","serviceno":"Civet_UserAPIMg","support_civet_no":null,"hrtype":"","unit":"","bg":"软件研发","bu":"","access_token":"SmGiOjVgORA6PX7yhENQ5A%3d%3d","expires_in":3599}
=============================================
10:58:48.848
http://qacivetinterface.foxconn.com/Open/get_user_info_bycode?appid=72weojkeRm09AG1umrN4vA2&code=569ddMELALHQCiO8ObvPuLNLUS8ZluS1JMCwOYXmCDgS0mvQ1&NSDK_1.1.0
GET

执行结果：{"openid":"ZjMyMzIwNDF8YWUzMzI1","is_subscriber":0,"from_pc":1,"civetno":"F3232041","realname":"邱喜威","sex":"男","nickname":"伊泽瑞","area":"贝宁","sign":"这只是个开始","icon":"http://qacivetinterface.foxconn.com/Open/userIcon/F3232041","serviceno":"Civet_UserAPIMg","support_civet_no":null,"hrtype":"","unit":"","bg":"软件研发","bu":"","access_token":"ygDpaKc6LEv%2fBx59mse%2bSg%3d%3d","expires_in":3599}
=============================================
11:49:33.428
http://qacivetinterface.foxconn.com/Open/get_user_info_bycode?appid=72weojkeRm09AG1umrN4vA2&code=00ef0rX4DkcdY9dC2G5yRxD0qGHE_EDJabQVcMuOJNG6ddFs1&NSDK_1.1.0
GET

执行结果：{"openid":"ZjMyMzIwNDF8YWUzMzI1","is_subscriber":0,"from_pc":1,"civetno":"F3232041","realname":"邱喜威","sex":"男","nickname":"伊泽瑞","area":"贝宁","sign":"这只是个开始","icon":"http://qacivetinterface.foxconn.com/Open/userIcon/F3232041","serviceno":"Civet_UserAPIMg","support_civet_no":null,"hrtype":"","unit":"","bg":"软件研发","bu":"","access_token":"icGTbHGQ9BmDtnnrOQccdA%3d%3d","expires_in":3599}
=============================================
14:09:03.276
http://qacivetinterface.foxconn.com/Open/get_user_info_bycode?appid=72weojkeRm09AG1umrN4vA2&code=0a18eB4ow0yIAfeSu8CzUU_-rr22rFfBO6REECRI9UeFQvNk1&NSDK_1.1.0
GET

执行结果：{"openid":"ZjMyMzIwNDF8YWUzMzI1","is_subscriber":0,"from_pc":1,"civetno":"F3232041","realname":"邱喜威","sex":"男","nickname":"伊泽瑞","area":"贝宁","sign":"这只是个开始","icon":"http://qacivetinterface.foxconn.com/Open/userIcon/F3232041","serviceno":"Civet_UserAPIMg","support_civet_no":null,"hrtype":"","unit":"","bg":"软件研发","bu":"","access_token":"u8wK9QxbyrP2KoOaKRplng%3d%3d","expires_in":3599}
=============================================
14:20:12.775
http://qacivetinterface.foxconn.com/Open/get_user_info_bycode?appid=72weojkeRm09AG1umrN4vA2&code=ce1fe-iKCphsEjIuuE5UFnWrdOFqsN0l4HH0YkOoRu0nqT_01&NSDK_1.1.0
GET

执行结果：{"openid":"ZjMyMzIwNDF8YWUzMzI1","is_subscriber":0,"from_pc":1,"civetno":"F3232041","realname":"邱喜威","sex":"男","nickname":"伊泽瑞","area":"贝宁","sign":"这只是个开始","icon":"http://qacivetinterface.foxconn.com/Open/userIcon/F3232041","serviceno":"Civet_UserAPIMg","support_civet_no":null,"hrtype":"","unit":"","bg":"软件研发","bu":"","access_token":"2EYzmJ6%2brFLqRpYUsyxebQ%3d%3d","expires_in":3599}
=============================================
14:38:12.081
http://qacivetinterface.foxconn.com/Open/get_user_info_bycode?appid=72weojkeRm09AG1umrN4vA2&code=58ba5fmBv-dl17ZYjW1AVXVx0zEaa0TfNUBR1aHMHjGwU8281&NSDK_1.1.0
GET

执行结果：{"openid":"ZjMyMzIwNDF8YWUzMzI1","is_subscriber":0,"from_pc":1,"civetno":"F3232041","realname":"邱喜威","sex":"男","nickname":"伊泽瑞","area":"贝宁","sign":"这只是个开始","icon":"http://qacivetinterface.foxconn.com/Open/userIcon/F3232041","serviceno":"Civet_UserAPIMg","support_civet_no":null,"hrtype":"","unit":"","bg":"软件研发","bu":"","access_token":"1tuIxWQOw95l9MVwqKr52w%3d%3d","expires_in":3599}
=============================================
14:45:16.999
http://qacivetinterface.foxconn.com/Open/get_user_info_bycode?appid=72weojkeRm09AG1umrN4vA2&code=bba9akUp65ctXmBGY_ApgiQj80RwihcsHWJD0Okt6gtuQCEw1&NSDK_1.1.0
GET

执行结果：{"openid":"ZjMyMzIwNDF8YWUzMzI1","is_subscriber":0,"from_pc":1,"civetno":"F3232041","realname":"邱喜威","sex":"男","nickname":"伊泽瑞","area":"贝宁","sign":"这只是个开始","icon":"http://qacivetinterface.foxconn.com/Open/userIcon/F3232041","serviceno":"Civet_UserAPIMg","support_civet_no":null,"hrtype":"","unit":"","bg":"软件研发","bu":"","access_token":"CVwZ9QKT01UQUBz7DNI4Vg%3d%3d","expires_in":3599}
=============================================
14:52:56.614
http://qacivetinterface.foxconn.com/Open/get_user_info_bycode?appid=72weojkeRm09AG1umrN4vA2&code=86a09Z85F1-mUHOecgqrIu0yfLQFPtHBpvbWp75IE7bPAlpU1&NSDK_1.1.0
GET

执行结果：{"openid":"ZjMyMzIwNDF8YWUzMzI1","is_subscriber":0,"from_pc":1,"civetno":"F3232041","realname":"邱喜威","sex":"男","nickname":"伊泽瑞","area":"贝宁","sign":"这只是个开始","icon":"http://qacivetinterface.foxconn.com/Open/userIcon/F3232041","serviceno":"Civet_UserAPIMg","support_civet_no":null,"hrtype":"","unit":"","bg":"软件研发","bu":"","access_token":"CVwZ9QKT01WZsDxKj1NFHg%3d%3d","expires_in":3599}
=============================================
15:29:25.499
http://localhost:25944/Open/get_user_info_bycode?appid=72weojkeRm09AG1umrN4vA2&code=222a7c8-M7MMOO7ykKgb-IYQXbAkczbM6aie3tiLc13U_2ZY1&NSDK_1.1.0
GET

执行结果：{"openid":"ZjMyMzQxMTl8YmRmOTk1","is_subscriber":0,"from_pc":1,"civetno":"f3234119","realname":"f3234119","sex":"女","nickname":"f3234119","area":"~广东深圳~","sign":"没有签名信息","icon":"http://localhost:25944/Open/userIcon/f3234119","serviceno":"Civet_UserAPIMg","support_civet_no":null,"hrtype":null,"unit":null,"bg":null,"bu":null,"access_token":"Mw0LylD9Apto%2bPFsJsTzIA%3d%3d","expires_in":3599}
=============================================
15:30:00.280
http://localhost:25944/Open/get_user_info_bycode?appid=72weojkeRm09AG1umrN4vA2&code=b8ecckhK5VgeArWQu4xSwrHLkXfFPkHCtolTcK-RZrxoJHTw1&NSDK_1.1.0
GET

执行结果：{"openid":"ZjMyMzIwNDF8YWUzMzI1","is_subscriber":0,"from_pc":1,"civetno":"F3232041","realname":"邱喜威","sex":"男","nickname":"伊泽瑞","area":"贝宁","sign":"这只是个开始","icon":"http://localhost:25944/Open/userIcon/F3232041","serviceno":"Civet_UserAPIMg","support_civet_no":null,"hrtype":"","unit":"","bg":"软件研发","bu":"","access_token":"Mw0LylD9AptGzo7IMJDIww%3d%3d","expires_in":3599}
=============================================
15:38:21.880
http://localhost:25944/Open/get_user_info_bycode?appid=72weojkeRm09AG1umrN4vA2&code=5ec421Ty8cxAvPElABcXR6trxr9pdFeIpHarfYkHr5fPZpQo1&NSDK_1.1.0
GET

执行结果：{"openid":"ZjMyMzIwNDF8YWUzMzI1","is_subscriber":0,"from_pc":1,"civetno":"F3232041","realname":"邱喜威","sex":"男","nickname":"伊泽瑞","area":"贝宁","sign":"这只是个开始","icon":"http://localhost:25944/Open/userIcon/F3232041","serviceno":"Civet_UserAPIMg","support_civet_no":null,"hrtype":"","unit":"","bg":"软件研发","bu":"","access_token":"MSngy30cewpnb4fqcnYo4Q%3d%3d","expires_in":3599}
=============================================
16:00:19.187
http://localhost:25944/Open/get_user_info_bycode?appid=72weojkeRm09AG1umrN4vA2&code=cab9a7xo02ypgQlC1Cie_4bn5xPWBsoTbD1vXxhsCJqtuEe41&NSDK_1.1.0
GET

执行结果：{"openid":"ZjMyMzIwNDF8YWUzMzI1","is_subscriber":0,"from_pc":1,"civetno":"F3232041","realname":"邱喜威","sex":"男","nickname":"伊泽瑞","area":"贝宁","sign":"这只是个开始","icon":"http://localhost:25944/Open/userIcon/F3232041","serviceno":"Civet_UserAPIMg","support_civet_no":null,"hrtype":"","unit":"","bg":"软件研发","bu":"","access_token":"fRwzAmIHQ%2fkHrLBf2ShBMA%3d%3d","expires_in":3599}
=============================================
16:13:09.795
http://localhost:25944/Open/get_user_info_bycode?appid=72weojkeRm09AG1umrN4vA2&code=d5046rekYFjk7-3orxbXI3-15fMJ0C_WLrjTuHAFISGO8V3Q1&NSDK_1.1.0
GET

执行结果：{"openid":"ZjMyMzIwNDF8YWUzMzI1","is_subscriber":0,"from_pc":1,"civetno":"F3232041","realname":"邱喜威","sex":"男","nickname":"伊泽瑞","area":"贝宁","sign":"这只是个开始","icon":"http://localhost:25944/Open/userIcon/F3232041","serviceno":"Civet_UserAPIMg","support_civet_no":null,"hrtype":"","unit":"","bg":"软件研发","bu":"","access_token":"9EqaYnBfuBrPdl5fi9aoGQ%3d%3d","expires_in":3599}
=============================================
16:15:21.635
http://localhost:25944/Open/get_user_info_bycode?appid=72weojkeRm09AG1umrN4vA2&code=d0b86yf3g5NGs07kqOj6bMMlk65yQj7-dAGYCRjWn3OTUFIE1&NSDK_1.1.0
GET

执行结果：{"openid":"ZjMyMzIwNDF8YWUzMzI1","is_subscriber":0,"from_pc":1,"civetno":"F3232041","realname":"邱喜威","sex":"男","nickname":"伊泽瑞","area":"贝宁","sign":"这只是个开始","icon":"http://localhost:25944/Open/userIcon/F3232041","serviceno":"Civet_UserAPIMg","support_civet_no":null,"hrtype":"","unit":"","bg":"软件研发","bu":"","access_token":"9EqaYnBfuBpx3dKVpxlJzw%3d%3d","expires_in":3599}
=============================================
17:15:40.924
http://localhost:25944/Open/get_user_info_bycode?appid=72weojkeRm09AG1umrN4vA2&code=3bb8byvFjmcuTe58haipLEYNMXoQF4yPuqTYLBHxRuAU7obk1&NSDK_1.1.0
GET

执行结果：{"openid":"ZjMyMzIwNDF8YWUzMzI1","is_subscriber":0,"from_pc":1,"civetno":"F3232041","realname":"邱喜威","sex":"男","nickname":"伊泽瑞","area":"贝宁","sign":"这只是个开始","icon":"http://localhost:25944/Open/userIcon/F3232041","serviceno":"Civet_UserAPIMg","support_civet_no":null,"hrtype":"","unit":"","bg":"软件研发","bu":"","access_token":"fVYjc8WAkmCAuYa4fu%2fT7Q%3d%3d","expires_in":3599}
=============================================
