10:27:18.918
http://qacivetinterface.foxconn.com/Open/get_user_info_bycode?appid=pom4V9GlU-L8Gkv53qqtmA2&code=0bbb28KitTI_LTPRaCXIH6ZzECrYG198pcoYr8ptcXXxTqtY1&NSDK_1.1.0
GET

执行结果：{"openid":"ZjMyMTg0NjZ8NmU0OTc1","is_subscriber":1,"from_pc":1,"civetno":"F3218466","realname":"刘晓飞","sex":"男","nickname":"刘晓飞","area":"广东深圳","sign":"这再惰也会留下个性签名的。","icon":"http://qacivetinterface.foxconn.com/Open/userIcon/F3218466","serviceno":"ReleaseList","support_civet_no":null,"hrtype":"","unit":"","bg":"PDSS","bu":""}
=============================================
10:33:01.870
http://qacivetinterface.foxconn.com/Open/get_user_info_bycode?appid=pom4V9GlU-L8Gkv53qqtmA2&code=15b97AwFnQZZcY-aClc-GwkoJjlO8B8fydkWyqvjz7N9fXiI1&NSDK_1.1.0
GET

执行结果：{"openid":"ZjMyMTg0NjZ8NmU0OTc1","is_subscriber":1,"from_pc":1,"civetno":"F3218466","realname":"刘晓飞","sex":"男","nickname":"刘晓飞","area":"广东深圳","sign":"这再惰也会留下个性签名的。","icon":"http://qacivetinterface.foxconn.com/Open/userIcon/F3218466","serviceno":"ReleaseList","support_civet_no":null,"hrtype":"","unit":"","bg":"PDSS","bu":""}
=============================================
11:01:22.329
http://qacivetinterface.foxconn.com/Open/get_user_info_bycode?appid=pom4V9GlU-L8Gkv53qqtmA2&code=88172yRp4RGOliiANZNi6MTOd08Z_5tC18qj6dlONRC5IuK41&NSDK_1.1.0
GET

执行结果：{"openid":"ZjMyMTg0NjZ8NmU0OTc1","is_subscriber":1,"from_pc":1,"civetno":"F3218466","realname":"刘晓飞","sex":"男","nickname":"刘晓飞","area":"广东深圳","sign":"这再惰也会留下个性签名的。","icon":"http://qacivetinterface.foxconn.com/Open/userIcon/F3218466","serviceno":"ReleaseList","support_civet_no":null,"hrtype":"","unit":"","bg":"PDSS","bu":""}
=============================================
11:04:36.399
http://qacivetinterface.foxconn.com/Open/get_user_info_bycode?appid=pom4V9GlU-L8Gkv53qqtmA2&code=2ca495CgnaNsSAgipUpb7TK0BBsgewpWHB67R7eqlOzngWj01&NSDK_1.1.0
GET

执行结果：{"openid":"ZjMyMTg0NjZ8NmU0OTc1","is_subscriber":1,"from_pc":1,"civetno":"F3218466","realname":"刘晓飞","sex":"男","nickname":"刘晓飞","area":"广东深圳","sign":"这再惰也会留下个性签名的。","icon":"http://qacivetinterface.foxconn.com/Open/userIcon/F3218466","serviceno":"ReleaseList","support_civet_no":null,"hrtype":"","unit":"","bg":"PDSS","bu":""}
=============================================
11:28:26.633
http://qacivetinterface.foxconn.com/Open/get_user_info_bycode?appid=pom4V9GlU-L8Gkv53qqtmA2&code=56810eI2RN6-NrGTe-GGeZkT052xuEYoa2q8R4hbFRYiUsBM1&NSDK_1.1.0
GET

执行结果：{"openid":"ZjMyMTg0NjZ8NmU0OTc1","is_subscriber":1,"from_pc":1,"civetno":"F3218466","realname":"刘晓飞","sex":"男","nickname":"刘晓飞","area":"广东深圳","sign":"这再惰也会留下个性签名的。","icon":"http://qacivetinterface.foxconn.com/Open/userIcon/F3218466","serviceno":"ReleaseList","support_civet_no":null,"hrtype":"","unit":"","bg":"PDSS","bu":""}
=============================================
11:55:53.908
http://qacivetinterface.foxconn.com/Open/get_user_info_bycode?appid=pom4V9GlU-L8Gkv53qqtmA2&code=2fbe5XTEVQhvHhUSxmZe5Oy3SlUftOSyXWiGcohSyAHAu1ds1&NSDK_1.1.0
GET

执行结果：{"openid":"ZjMyMTg0NjZ8NmU0OTc1","is_subscriber":1,"from_pc":1,"civetno":"F3218466","realname":"刘晓飞","sex":"男","nickname":"刘晓飞","area":"广东深圳","sign":"这再惰也会留下个性签名的。","icon":"http://qacivetinterface.foxconn.com/Open/userIcon/F3218466","serviceno":"ReleaseList","support_civet_no":null,"hrtype":"","unit":"","bg":"PDSS","bu":""}
=============================================
11:57:34.779
http://qacivetinterface.foxconn.com/Open/get_user_info_bycode?appid=pom4V9GlU-L8Gkv53qqtmA2&code=d39b4lo64YYxPGetbGbjqGuVJ1bmeFxUSB56lIMuXFkxTJI81&NSDK_1.1.0
GET

执行结果：{"openid":"ZjMyMTg0NjZ8NmU0OTc1","is_subscriber":1,"from_pc":1,"civetno":"F3218466","realname":"刘晓飞","sex":"男","nickname":"刘晓飞","area":"广东深圳","sign":"这再惰也会留下个性签名的。","icon":"http://qacivetinterface.foxconn.com/Open/userIcon/F3218466","serviceno":"ReleaseList","support_civet_no":null,"hrtype":"","unit":"","bg":"PDSS","bu":""}
=============================================
13:39:17.186
http://qacivetinterface.foxconn.com/Open/get_user_info_bycode?appid=pom4V9GlU-L8Gkv53qqtmA2&code=17f5fZ1WwKZ0YSPmt__PlbEUxh9Ell21X0jHNsNWs_76Myqg1&NSDK_1.1.0
GET

执行结果：{"openid":"ZjMyMTg0NjZ8NmU0OTc1","is_subscriber":1,"from_pc":1,"civetno":"F3218466","realname":"刘晓飞","sex":"男","nickname":"刘晓飞","area":"广东深圳","sign":"这再惰也会留下个性签名的。","icon":"http://qacivetinterface.foxconn.com/Open/userIcon/F3218466","serviceno":"ReleaseList","support_civet_no":null,"hrtype":"","unit":"","bg":"PDSS","bu":""}
=============================================
15:24:51.923
http://qacivetinterface.foxconn.com/Open/get_user_info_bycode?appid=pom4V9GlU-L8Gkv53qqtmA2&code=7cdffPVp9XXQZeskxwfmLTnTBpGO0O3cWoDgpX2zHgvLvhuw1&NSDK_1.1.0
GET

执行结果：{"openid":"ZjMyMTg0NjZ8NmU0OTc1","is_subscriber":1,"from_pc":1,"civetno":"F3218466","realname":"刘晓飞","sex":"男","nickname":"刘晓飞","area":"广东深圳","sign":"这再惰也会留下个性签名的。","icon":"http://qacivetinterface.foxconn.com/Open/userIcon/F3218466","serviceno":"ReleaseList","support_civet_no":null,"hrtype":"","unit":"","bg":"PDSS","bu":""}
=============================================
15:45:23.038
http://qacivetinterface.foxconn.com/Open/get_user_info_bycode?appid=pom4V9GlU-L8Gkv53qqtmA2&code=1d1eeMnclL8MOxLwcLpceOfZbfDp1ArpM-FnlqFkCwSa2jMs1&NSDK_1.1.0
GET

执行结果：{"openid":"ZjMyMTg0NjZ8NmU0OTc1","is_subscriber":1,"from_pc":1,"civetno":"F3218466","realname":"刘晓飞","sex":"男","nickname":"刘晓飞","area":"广东深圳","sign":"这再惰也会留下个性签名的。","icon":"http://qacivetinterface.foxconn.com/Open/userIcon/F3218466","serviceno":"ReleaseList","support_civet_no":null,"hrtype":"","unit":"","bg":"PDSS","bu":""}
=============================================
16:09:52.718
http://qacivetinterface.foxconn.com/Open/get_user_info_bycode?appid=pom4V9GlU-L8Gkv53qqtmA2&code=ffe8da9oPky1zxeo8P1NPmcJHqn85N8xRii0TwEifckbrZUc1&NSDK_1.1.0
GET

执行结果：{"openid":"ZjMyMTg0NjZ8NmU0OTc1","is_subscriber":1,"from_pc":1,"civetno":"F3218466","realname":"刘晓飞","sex":"男","nickname":"刘晓飞","area":"广东深圳","sign":"这再惰也会留下个性签名的。","icon":"http://qacivetinterface.foxconn.com/Open/userIcon/F3218466","serviceno":"ReleaseList","support_civet_no":null,"hrtype":"","unit":"","bg":"PDSS","bu":""}
=============================================
16:32:49.986
http://qacivetinterface.foxconn.com/Open/get_user_info_bycode?appid=pom4V9GlU-L8Gkv53qqtmA2&code=cac47S8eWreocbNqIkZQjPBPkzQi8X6B2MuUoFjZ-uzFBIH81&NSDK_1.1.0
GET

执行结果：{"openid":"ZjMyMTg0NjZ8NmU0OTc1","is_subscriber":1,"from_pc":1,"civetno":"F3218466","realname":"刘晓飞","sex":"男","nickname":"刘晓飞","area":"广东深圳","sign":"这再惰也会留下个性签名的。","icon":"http://qacivetinterface.foxconn.com/Open/userIcon/F3218466","serviceno":"ReleaseList","support_civet_no":null,"hrtype":"","unit":"","bg":"PDSS","bu":""}
=============================================
16:58:33.905
http://qacivetinterface.foxconn.com/Open/get_user_info_bycode?appid=pom4V9GlU-L8Gkv53qqtmA2&code=aa786AtzPv87TNbRYD3uGVphoPW2zfpS-0vQHVkx7VTd17Rc1&NSDK_1.1.0
GET

执行结果：{"openid":"ZjMyMTg0NjZ8NmU0OTc1","is_subscriber":1,"from_pc":1,"civetno":"F3218466","realname":"刘晓飞","sex":"男","nickname":"刘晓飞","area":"广东深圳","sign":"这再惰也会留下个性签名的。","icon":"http://qacivetinterface.foxconn.com/Open/userIcon/F3218466","serviceno":"ReleaseList","support_civet_no":null,"hrtype":"","unit":"","bg":"PDSS","bu":""}
=============================================
17:11:04.840
http://qacivetinterface.foxconn.com/Open/get_user_info_bycode?appid=pom4V9GlU-L8Gkv53qqtmA2&code=95996s0OxkHfhMfuMcpMYQUYQTyrHzp3AAtcC3H4StS_AU001&NSDK_1.1.0
GET

执行结果：{"openid":"ZjMyMTg0NjZ8NmU0OTc1","is_subscriber":1,"from_pc":1,"civetno":"F3218466","realname":"刘晓飞","sex":"男","nickname":"刘晓飞","area":"广东深圳","sign":"这再惰也会留下个性签名的。","icon":"http://qacivetinterface.foxconn.com/Open/userIcon/F3218466","serviceno":"ReleaseList","support_civet_no":null,"hrtype":"","unit":"","bg":"PDSS","bu":""}
=============================================
17:20:12.790
http://qacivetinterface.foxconn.com/Open/get_user_info_bycode?appid=pom4V9GlU-L8Gkv53qqtmA2&code=d5bcbJ05_Vik3q4kQAXsLmpjkgP4_HNqD8ZCAOjDeNs4yOxc1&NSDK_1.1.0
GET

执行结果：{"openid":"ZjMyMTg0NjZ8NmU0OTc1","is_subscriber":1,"from_pc":1,"civetno":"F3218466","realname":"刘晓飞","sex":"男","nickname":"刘晓飞","area":"广东深圳","sign":"这再惰也会留下个性签名的。","icon":"http://qacivetinterface.foxconn.com/Open/userIcon/F3218466","serviceno":"ReleaseList","support_civet_no":null,"hrtype":"","unit":"","bg":"PDSS","bu":""}
=============================================
