15:06:41.118
http://qacivetinterface.foxconn.com/Open/get_user_info_bycode?appid=72weojkeRm09AG1umrN4vA2&code=cb763fJxj6KYD4LH7N2k1xtzmLM-3ZXGwvx6Pi9T-dgastyM1&NSDK_1.170823
GET

执行结果：{"openid":"ZjMyMTg0NjZ8ZWNjZTg1","is_subscriber":0,"from_pc":1,"civetno":"f3218466","realname":"刘晓飞","sex":"男","nickname":"刘晓飞","area":"广东深圳","sign":"这再惰也会留下个性签名的。","icon":"http://qaicivetmedia.foxconn.com/group2/M01/00/C3/CoZiPVnymE-ERa6bAAAAAKL_348315.png","serviceno":"Civet_UserAPIMg","support_civet_no":null,"hrtype":"","unit":"[富士康科技集团]","bg":"[總部周邊","bu":"工管資訊]","grade":"","grade_depart":"","access_token":"u2wUbKJzcwDxPVEUdXKvzg%3d%3d","expires_in":3599}
=============================================
15:06:53.423
http://qacivetinterface.foxconn.com/Open/get_user_info_bycode?appid=72weojkeRm09AG1umrN4vA2&code=6dfa6x9Ks6876G8GYf2y5DXR17wgZbw9HOejtO_aRhyYNjRg1&NSDK_1.170823
GET

执行结果：{"openid":"ZjMyMzIwNDF8YWUzMzI1","is_subscriber":0,"from_pc":1,"civetno":"f3232041","realname":"邱喜威","sex":"男","nickname":"不會游泳的魚","area":"贝宁","sign":"这只是个开始","icon":"http://qaicivetmedia.foxconn.com/group2/M01/00/6B/CoZiPVX70X-EXooLAAAAAA0471M39.jpeg","serviceno":"Civet_UserAPIMg","support_civet_no":null,"hrtype":"","unit":"富士康科技集团","bg":"總部周邊","bu":"工管資訊","grade":"","grade_depart":"","access_token":"u2wUbKJzcwDyD4a%2bGjmjZg%3d%3d","expires_in":3599}
=============================================
15:07:34.326
http://qacivetinterface.foxconn.com/Open/get_user_info_bycode?appid=72weojkeRm09AG1umrN4vA2&code=14cdfmXxFy8XE5rHZqvxNdP3hlL753xOwnwNxG9di02rTS141&NSDK_1.170823
GET

执行结果：{"openid":"ZjMyMTg0NjZ8ZWNjZTg1","is_subscriber":0,"from_pc":1,"civetno":"f3218466","realname":"刘晓飞","sex":"男","nickname":"刘晓飞","area":"广东深圳","sign":"这再惰也会留下个性签名的。","icon":"http://qaicivetmedia.foxconn.com/group2/M01/00/C3/CoZiPVnymE-ERa6bAAAAAKL_348315.png","serviceno":"Civet_UserAPIMg","support_civet_no":null,"hrtype":"","unit":"[富士康科技集团]","bg":"[總部周邊","bu":"工管資訊]","grade":"","grade_depart":"","access_token":"u2wUbKJzcwAFrttuBdYFyw%3d%3d","expires_in":3599}
=============================================
15:21:03.815
http://qacivetinterface.foxconn.com/Open/get_user_info_bycode?appid=72weojkeRm09AG1umrN4vA2&code=3483eWm9vlMsDnxecIpcVZeTSybWd9GJwQQ0YwSPVxnsvds81&NSDK_1.170823
GET

执行结果：{"openid":"ZjMyMTg0NjZ8ZWNjZTg1","is_subscriber":0,"from_pc":1,"civetno":"f3218466","realname":"刘晓飞","sex":"男","nickname":"刘晓飞","area":"广东深圳","sign":"这再惰也会留下个性签名的。","icon":"http://qaicivetmedia.foxconn.com/group2/M01/00/C3/CoZiPVnymE-ERa6bAAAAAKL_348315.png","serviceno":"Civet_UserAPIMg","support_civet_no":null,"hrtype":"","unit":"[富士康科技集团]","bg":"[總部周邊","bu":"工管資訊]","grade":"","grade_depart":"","access_token":"SXM3G8khSCqvGBKy1IpdlQ%3d%3d","expires_in":3599}
=============================================
15:22:06.751
http://qacivetinterface.foxconn.com/Open/get_user_info_bycode?appid=72weojkeRm09AG1umrN4vA2&code=2756c2AhT1H90MEc6C_EaF1WffJsM5GxythWOqlKG8jtvd0k1&NSDK_1.170823
GET

执行结果：{"openid":"ZjMyMTg0NjZ8ZWNjZTg1","is_subscriber":0,"from_pc":1,"civetno":"f3218466","realname":"刘晓飞","sex":"男","nickname":"刘晓飞","area":"广东深圳","sign":"这再惰也会留下个性签名的。","icon":"http://qaicivetmedia.foxconn.com/group2/M01/00/C3/CoZiPVnymE-ERa6bAAAAAKL_348315.png","serviceno":"Civet_UserAPIMg","support_civet_no":null,"hrtype":"","unit":"[富士康科技集团]","bg":"[總部周邊","bu":"工管資訊]","grade":"","grade_depart":"","access_token":"SXM3G8khSCoawtSQnOKpsQ%3d%3d","expires_in":3599}
=============================================
